C:\USERS\USER\DESKTOP\NEWISE\ISE\ISE-DEMO\DEBUG\OBJLOADER.OBJ
C:\USERS\USER\DESKTOP\NEWISE\ISE\ISE-DEMO\DEBUG\OPENGL_FACADE.OBJ
C:\USERS\USER\DESKTOP\NEWISE\ISE\ISE-DEMO\DEBUG\PERSONALITY.OBJ
C:\USERS\USER\DESKTOP\NEWISE\ISE\ISE-DEMO\DEBUG\RENDER.OBJ
C:\USERS\USER\DESKTOP\NEWISE\ISE\ISE-DEMO\DEBUG\RENDERENGINE.OBJ
C:\USERS\USER\DESKTOP\NEWISE\ISE\ISE-DEMO\DEBUG\SFML_CLOCK.OBJ
C:\USERS\USER\DESKTOP\NEWISE\ISE\ISE-DEMO\DEBUG\SFML_FACADE.OBJ
C:\USERS\USER\DESKTOP\NEWISE\ISE\ISE-DEMO\DEBUG\SFML_INPUT.OBJ
C:\USERS\USER\DESKTOP\NEWISE\ISE\ISE-DEMO\DEBUG\SFML_SOUND.OBJ
C:\USERS\USER\DESKTOP\NEWISE\ISE\ISE-DEMO\DEBUG\SFML_TEXTURE.OBJ
C:\USERS\USER\DESKTOP\NEWISE\ISE\ISE-DEMO\DEBUG\SKYBOX.OBJ
C:\USERS\USER\DESKTOP\NEWISE\ISE\ISE-DEMO\DEBUG\SOUND.OBJ
C:\USERS\USER\DESKTOP\NEWISE\ISE\ISE-DEMO\DEBUG\SOUNDENGINE.OBJ
C:\USERS\USER\DESKTOP\NEWISE\ISE\ISE-DEMO\DEBUG\TEXTURE.OBJ
C:\USERS\USER\DESKTOP\NEWISE\ISE\ISE-DEMO\DEBUG\TRUEAFFORDANCE.OBJ
C:\USERS\USER\DESKTOP\NEWISE\ISE\ISE-DEMO\DEBUG\TRUEGAMEOBJECT.OBJ
C:\USERS\USER\DESKTOP\NEWISE\ISE\ISE-DEMO\DEBUG\TRUEMODEL.OBJ
C:\USERS\USER\DESKTOP\NEWISE\ISE\ISE-DEMO\DEBUG\VECTOR2INT.OBJ
C:\USERS\USER\DESKTOP\NEWISE\ISE\ISE-DEMO\DEBUG\VECTOR3.OBJ
C:\USERS\USER\DESKTOP\NEWISE\ISE\ISE-DEMO\DEBUG\WINDOW.OBJ
C:\USERS\USER\DESKTOP\NEWISE\ISE\ISE-DEMO\DEBUG\AFFORDANCE.OBJ
C:\USERS\USER\DESKTOP\NEWISE\ISE\ISE-DEMO\DEBUG\AFFORDANCESYSTEM.OBJ
C:\USERS\USER\DESKTOP\NEWISE\ISE\ISE-DEMO\DEBUG\AI.OBJ
C:\USERS\USER\DESKTOP\NEWISE\ISE\ISE-DEMO\DEBUG\ASSETMNG.OBJ
C:\USERS\USER\DESKTOP\NEWISE\ISE\ISE-DEMO\DEBUG\ASTAR.OBJ
C:\USERS\USER\DESKTOP\NEWISE\ISE\ISE-DEMO\DEBUG\AS_NODE.OBJ
C:\USERS\USER\DESKTOP\NEWISE\ISE\ISE-DEMO\DEBUG\CAMERA.OBJ
C:\USERS\USER\DESKTOP\NEWISE\ISE\ISE-DEMO\DEBUG\CLOCK.OBJ
C:\USERS\USER\DESKTOP\NEWISE\ISE\ISE-DEMO\DEBUG\COMPONENT.OBJ
C:\USERS\USER\DESKTOP\NEWISE\ISE\ISE-DEMO\DEBUG\EMOTIONCASE.OBJ
C:\USERS\USER\DESKTOP\NEWISE\ISE\ISE-DEMO\DEBUG\GAMEOBJECT2.OBJ
C:\USERS\USER\DESKTOP\NEWISE\ISE\ISE-DEMO\DEBUG\INPUT.OBJ
C:\USERS\USER\DESKTOP\NEWISE\ISE\ISE-DEMO\DEBUG\ISE.OBJ
C:\USERS\USER\DESKTOP\NEWISE\ISE\ISE-DEMO\DEBUG\LOADERAB.OBJ
C:\USERS\USER\DESKTOP\NEWISE\ISE\ISE-DEMO\DEBUG\MAIN.OBJ
C:\USERS\USER\DESKTOP\NEWISE\ISE\ISE-DEMO\DEBUG\MODEL.OBJ
C:\USERS\USER\DESKTOP\NEWISE\ISE\ISE-DEMO\DEBUG\NAVMESH.OBJ
C:\USERS\USER\DESKTOP\NEWISE\ISE\ISE-DEMO\DEBUG\VC110.PDB
C:\USERS\USER\DESKTOP\NEWISE\ISE\DEBUG\ISE-DEMO.ILK
C:\USERS\USER\DESKTOP\NEWISE\ISE\DEBUG\ISE-DEMO.EXE
C:\USERS\USER\DESKTOP\NEWISE\ISE\DEBUG\ISE-DEMO.PDB
C:\Users\User\Desktop\NewISe\ISE\ISE-Demo\Debug\Affordance.obj
C:\Users\User\Desktop\NewISe\ISE\ISE-Demo\Debug\AffordanceSystem.obj
C:\Users\User\Desktop\NewISe\ISE\ISE-Demo\Debug\AI.obj
C:\Users\User\Desktop\NewISe\ISE\ISE-Demo\Debug\AssetMng.obj
C:\Users\User\Desktop\NewISe\ISE\ISE-Demo\Debug\aStar.obj
C:\Users\User\Desktop\NewISe\ISE\ISE-Demo\Debug\as_node.obj
C:\Users\User\Desktop\NewISe\ISE\ISE-Demo\Debug\Camera.obj
C:\Users\User\Desktop\NewISe\ISE\ISE-Demo\Debug\Clock.obj
C:\Users\User\Desktop\NewISe\ISE\ISE-Demo\Debug\Component.obj
C:\Users\User\Desktop\NewISe\ISE\ISE-Demo\Debug\Effect.obj
C:\Users\User\Desktop\NewISe\ISE\ISE-Demo\Debug\EmotionCase.obj
C:\Users\User\Desktop\NewISe\ISE\ISE-Demo\Debug\GameObject.obj
C:\Users\User\Desktop\NewISe\ISE\ISE-Demo\Debug\GameObject2.obj
C:\Users\User\Desktop\NewISe\ISE\ISE-Demo\Debug\GameObjectFactory.obj
C:\Users\User\Desktop\NewISe\ISE\ISE-Demo\Debug\gameScript.obj
C:\Users\User\Desktop\NewISe\ISE\ISE-Demo\Debug\HUD.obj
C:\Users\User\Desktop\NewISe\ISE\ISE-Demo\Debug\Input.obj
C:\Users\User\Desktop\NewISe\ISE\ISE-Demo\Debug\ISE.obj
C:\Users\User\Desktop\NewISe\ISE\ISE-Demo\Debug\Loaderab.obj
C:\Users\User\Desktop\NewISe\ISE\ISE-Demo\Debug\Main.obj
C:\Users\User\Desktop\NewISe\ISE\ISE-Demo\Debug\Model.obj
C:\Users\User\Desktop\NewISe\ISE\ISE-Demo\Debug\NavMesh.obj
C:\Users\User\Desktop\NewISe\ISE\ISE-Demo\Debug\Object2D.obj
C:\Users\User\Desktop\NewISe\ISE\ISE-Demo\Debug\Object3D.obj
C:\Users\User\Desktop\NewISe\ISE\ISE-Demo\Debug\objLoader.obj
C:\Users\User\Desktop\NewISe\ISE\ISE-Demo\Debug\OPENGL_Facade.obj
C:\Users\User\Desktop\NewISe\ISE\ISE-Demo\Debug\Personality.obj
C:\Users\User\Desktop\NewISe\ISE\ISE-Demo\Debug\Render.obj
C:\Users\User\Desktop\NewISe\ISE\ISE-Demo\Debug\RenderEngine.obj
C:\Users\User\Desktop\NewISe\ISE\ISE-Demo\Debug\SFML_Clock.obj
C:\Users\User\Desktop\NewISe\ISE\ISE-Demo\Debug\SFML_Facade.obj
C:\Users\User\Desktop\NewISe\ISE\ISE-Demo\Debug\SFML_Input.obj
C:\Users\User\Desktop\NewISe\ISE\ISE-Demo\Debug\SFML_Sound.obj
C:\Users\User\Desktop\NewISe\ISE\ISE-Demo\Debug\SFML_Texture.obj
C:\Users\User\Desktop\NewISe\ISE\ISE-Demo\Debug\Skybox.obj
C:\Users\User\Desktop\NewISe\ISE\ISE-Demo\Debug\Sound.obj
C:\Users\User\Desktop\NewISe\ISE\ISE-Demo\Debug\SoundEngine.obj
C:\Users\User\Desktop\NewISe\ISE\ISE-Demo\Debug\Texture.obj
C:\Users\User\Desktop\NewISe\ISE\ISE-Demo\Debug\TrueAffordance.obj
C:\Users\User\Desktop\NewISe\ISE\ISE-Demo\Debug\TrueGameObject.obj
C:\Users\User\Desktop\NewISe\ISE\ISE-Demo\Debug\TrueModel.obj
C:\Users\User\Desktop\NewISe\ISE\ISE-Demo\Debug\Vector2Int.obj
C:\Users\User\Desktop\NewISe\ISE\ISE-Demo\Debug\Vector3.obj
C:\Users\User\Desktop\NewISe\ISE\ISE-Demo\Debug\Window.obj
C:\Users\User\Desktop\NewISe\ISE\ISE-Demo\Debug\cl.command.1.tlog
C:\Users\User\Desktop\NewISe\ISE\ISE-Demo\Debug\CL.read.1.tlog
C:\Users\User\Desktop\NewISe\ISE\ISE-Demo\Debug\CL.write.1.tlog
C:\Users\User\Desktop\NewISe\ISE\ISE-Demo\Debug\link-cvtres.read.1.tlog
C:\Users\User\Desktop\NewISe\ISE\ISE-Demo\Debug\link-cvtres.write.1.tlog
C:\Users\User\Desktop\NewISe\ISE\ISE-Demo\Debug\link-rc.read.1.tlog
C:\Users\User\Desktop\NewISe\ISE\ISE-Demo\Debug\link-rc.write.1.tlog
C:\Users\User\Desktop\NewISe\ISE\ISE-Demo\Debug\link.10688-cvtres.read.1.tlog
C:\Users\User\Desktop\NewISe\ISE\ISE-Demo\Debug\link.10688-cvtres.write.1.tlog
C:\Users\User\Desktop\NewISe\ISE\ISE-Demo\Debug\link.10688-rc.read.1.tlog
C:\Users\User\Desktop\NewISe\ISE\ISE-Demo\Debug\link.10688-rc.write.1.tlog
C:\Users\User\Desktop\NewISe\ISE\ISE-Demo\Debug\link.10688.read.1.tlog
C:\Users\User\Desktop\NewISe\ISE\ISE-Demo\Debug\link.10688.write.1.tlog
C:\Users\User\Desktop\NewISe\ISE\ISE-Demo\Debug\link.11288-cvtres.read.1.tlog
C:\Users\User\Desktop\NewISe\ISE\ISE-Demo\Debug\link.11288-cvtres.write.1.tlog
C:\Users\User\Desktop\NewISe\ISE\ISE-Demo\Debug\link.11288-rc.read.1.tlog
C:\Users\User\Desktop\NewISe\ISE\ISE-Demo\Debug\link.11288-rc.write.1.tlog
C:\Users\User\Desktop\NewISe\ISE\ISE-Demo\Debug\link.11288.read.1.tlog
C:\Users\User\Desktop\NewISe\ISE\ISE-Demo\Debug\link.11288.write.1.tlog
C:\Users\User\Desktop\NewISe\ISE\ISE-Demo\Debug\link.12624-cvtres.read.1.tlog
C:\Users\User\Desktop\NewISe\ISE\ISE-Demo\Debug\link.12624-cvtres.write.1.tlog
C:\Users\User\Desktop\NewISe\ISE\ISE-Demo\Debug\link.12624-rc.read.1.tlog
C:\Users\User\Desktop\NewISe\ISE\ISE-Demo\Debug\link.12624-rc.write.1.tlog
C:\Users\User\Desktop\NewISe\ISE\ISE-Demo\Debug\link.12624.read.1.tlog
C:\Users\User\Desktop\NewISe\ISE\ISE-Demo\Debug\link.12624.write.1.tlog
C:\Users\User\Desktop\NewISe\ISE\ISE-Demo\Debug\link.16144-cvtres.read.1.tlog
C:\Users\User\Desktop\NewISe\ISE\ISE-Demo\Debug\link.16144-cvtres.write.1.tlog
C:\Users\User\Desktop\NewISe\ISE\ISE-Demo\Debug\link.16144-rc.read.1.tlog
C:\Users\User\Desktop\NewISe\ISE\ISE-Demo\Debug\link.16144-rc.write.1.tlog
C:\Users\User\Desktop\NewISe\ISE\ISE-Demo\Debug\link.16144.read.1.tlog
C:\Users\User\Desktop\NewISe\ISE\ISE-Demo\Debug\link.16144.write.1.tlog
C:\Users\User\Desktop\NewISe\ISE\ISE-Demo\Debug\link.6316-cvtres.read.1.tlog
C:\Users\User\Desktop\NewISe\ISE\ISE-Demo\Debug\link.6316-cvtres.write.1.tlog
C:\Users\User\Desktop\NewISe\ISE\ISE-Demo\Debug\link.6316-rc.read.1.tlog
C:\Users\User\Desktop\NewISe\ISE\ISE-Demo\Debug\link.6316-rc.write.1.tlog
C:\Users\User\Desktop\NewISe\ISE\ISE-Demo\Debug\link.6316.read.1.tlog
C:\Users\User\Desktop\NewISe\ISE\ISE-Demo\Debug\link.6316.write.1.tlog
C:\Users\User\Desktop\NewISe\ISE\ISE-Demo\Debug\link.6652-cvtres.read.1.tlog
C:\Users\User\Desktop\NewISe\ISE\ISE-Demo\Debug\link.6652-cvtres.write.1.tlog
C:\Users\User\Desktop\NewISe\ISE\ISE-Demo\Debug\link.6652-rc.read.1.tlog
C:\Users\User\Desktop\NewISe\ISE\ISE-Demo\Debug\link.6652-rc.write.1.tlog
C:\Users\User\Desktop\NewISe\ISE\ISE-Demo\Debug\link.6652.read.1.tlog
C:\Users\User\Desktop\NewISe\ISE\ISE-Demo\Debug\link.6652.write.1.tlog
C:\Users\User\Desktop\NewISe\ISE\ISE-Demo\Debug\link.6972-cvtres.read.1.tlog
C:\Users\User\Desktop\NewISe\ISE\ISE-Demo\Debug\link.6972-cvtres.write.1.tlog
C:\Users\User\Desktop\NewISe\ISE\ISE-Demo\Debug\link.6972-rc.read.1.tlog
C:\Users\User\Desktop\NewISe\ISE\ISE-Demo\Debug\link.6972-rc.write.1.tlog
C:\Users\User\Desktop\NewISe\ISE\ISE-Demo\Debug\link.6972.read.1.tlog
C:\Users\User\Desktop\NewISe\ISE\ISE-Demo\Debug\link.6972.write.1.tlog
C:\Users\User\Desktop\NewISe\ISE\ISE-Demo\Debug\link.7804-cvtres.read.1.tlog
C:\Users\User\Desktop\NewISe\ISE\ISE-Demo\Debug\link.7804-cvtres.write.1.tlog
C:\Users\User\Desktop\NewISe\ISE\ISE-Demo\Debug\link.7804-rc.read.1.tlog
C:\Users\User\Desktop\NewISe\ISE\ISE-Demo\Debug\link.7804-rc.write.1.tlog
C:\Users\User\Desktop\NewISe\ISE\ISE-Demo\Debug\link.7804.read.1.tlog
C:\Users\User\Desktop\NewISe\ISE\ISE-Demo\Debug\link.7804.write.1.tlog
C:\Users\User\Desktop\NewISe\ISE\ISE-Demo\Debug\link.command.1.tlog
C:\Users\User\Desktop\NewISe\ISE\ISE-Demo\Debug\link.read.1.tlog
C:\Users\User\Desktop\NewISe\ISE\ISE-Demo\Debug\link.write.1.tlog
C:\Users\User\Desktop\NewISe\ISE\ISE-Demo\Debug\vc110.idb
C:\Users\User\Desktop\NewISe\ISE\ISE-Demo\Debug\vc110.pdb
C:\Users\User\Desktop\NewISe\ISE\Debug\ISE-Demo.pdb
C:\Users\User\Desktop\NewISe\ISE\Debug\ISE-Demo.exe
C:\Users\User\Desktop\NewISe\ISE\Debug\ISE-Demo.ilk
