Build started 14/11/2014 9:25:04 AM.
     1>Project "C:\Users\Zelyx\Documents\Software\Uni\Year 3\Sem 2\ICT312\FirstFinalSubmission\ICT312FinalProjectAndMilestoneOne\Final Milestone\Demos\AI\ISE\ISE-Demo\ISE-Demo.vcxproj" on node 2 (build target(s)).
     1>InitializeBuildStatus:
         Creating "Debug\ISE-Demo.unsuccessfulbuild" because "AlwaysCreate" was specified.
       ClCompile:
         C:\Program Files (x86)\Microsoft Visual Studio 10.0\VC\bin\CL.exe /c /I"C:\Users\Zelyx\Documents\Software\Uni\Year 3\Sem 2\ICT312\FirstFinalSubmission\ICT312FinalProjectAndMilestoneOne\Final Milestone\Demos\AI\ISE\\ThirdParty\assimp\include" /I"C:\Users\Zelyx\Documents\Software\Uni\Year 3\Sem 2\ICT312\FirstFinalSubmission\ICT312FinalProjectAndMilestoneOne\Final Milestone\Demos\AI\ISE\\ThirdParty\SFML-2.1\include" /I"C:\Users\Zelyx\Documents\Software\Uni\Year 3\Sem 2\ICT312\FirstFinalSubmission\ICT312FinalProjectAndMilestoneOne\Final Milestone\Demos\AI\ISE\\ThirdParty\lua5.1\include" /ZI /nologo /W3 /WX- /Od /Oy- /D WIN32 /D _DEBUG /D _CONSOLE /D _UNICODE /D UNICODE /Gm /EHsc /RTC1 /MDd /GS /fp:precise /Zc:wchar_t /Zc:forScope /Fo"Debug\\" /Fd"Debug\vc100.pdb" /Gd /TP /analyze- /errorReport:prompt Affordance.cpp AffordanceSystem.cpp AI.cpp AssetMng.cpp aStar.cpp as_node.cpp Camera.cpp Clock.cpp Component.cpp EmotionCase.cpp GameObject2.cpp Input.cpp ISE.cpp Loaderab.cpp Main.cpp Model.cpp NavMesh.cpp objLoader.cpp OPENGL_Facade.cpp Personality.cpp Render.cpp RenderEngine.cpp SFML_Clock.cpp SFML_Facade.cpp SFML_Input.cpp SFML_Sound.cpp SFML_Texture.cpp Skybox.cpp Sound.cpp SoundEngine.cpp Texture.cpp TrueAffordance.cpp TrueGameObject.cpp TrueModel.cpp Vector2Int.cpp Vector3.cpp Window.cpp
         Window.cpp
     1>c:\users\zelyx\documents\software\uni\year 3\sem 2\ict312\firstfinalsubmission\ict312finalprojectandmilestoneone\final milestone\demos\ai\ise\ise-demo\window.cpp(27): warning C4244: 'argument' : conversion from 'float' to 'int', possible loss of data
     1>c:\users\zelyx\documents\software\uni\year 3\sem 2\ict312\firstfinalsubmission\ict312finalprojectandmilestoneone\final milestone\demos\ai\ise\ise-demo\window.cpp(27): warning C4244: 'argument' : conversion from 'float' to 'int', possible loss of data
     1>c:\users\zelyx\documents\software\uni\year 3\sem 2\ict312\firstfinalsubmission\ict312finalprojectandmilestoneone\final milestone\demos\ai\ise\ise-demo\window.cpp(52): warning C4244: '=' : conversion from 'int' to 'float', possible loss of data
     1>c:\users\zelyx\documents\software\uni\year 3\sem 2\ict312\firstfinalsubmission\ict312finalprojectandmilestoneone\final milestone\demos\ai\ise\ise-demo\window.cpp(57): warning C4244: '=' : conversion from 'int' to 'float', possible loss of data
         Vector3.cpp
     1>c:\users\zelyx\documents\software\uni\year 3\sem 2\ict312\firstfinalsubmission\ict312finalprojectandmilestoneone\final milestone\demos\ai\ise\ise-demo\vector3.cpp(4): warning C4305: 'argument' : truncation from 'double' to 'const float'
         Vector2Int.cpp
         TrueModel.cpp
     1>c:\users\zelyx\documents\software\uni\year 3\sem 2\ict312\firstfinalsubmission\ict312finalprojectandmilestoneone\final milestone\demos\ai\ise\ise-demo\truemodel.cpp(60): warning C4482: nonstandard extension used: enum 'Axis' used in qualified name
     1>c:\users\zelyx\documents\software\uni\year 3\sem 2\ict312\firstfinalsubmission\ict312finalprojectandmilestoneone\final milestone\demos\ai\ise\ise-demo\truemodel.cpp(65): warning C4482: nonstandard extension used: enum 'Axis' used in qualified name
     1>c:\users\zelyx\documents\software\uni\year 3\sem 2\ict312\firstfinalsubmission\ict312finalprojectandmilestoneone\final milestone\demos\ai\ise\ise-demo\truemodel.cpp(70): warning C4482: nonstandard extension used: enum 'Axis' used in qualified name
         TrueGameObject.cpp
     1>c:\users\zelyx\documents\software\uni\year 3\sem 2\ict312\firstfinalsubmission\ict312finalprojectandmilestoneone\final milestone\demos\ai\ise\ise-demo\truegameobject.cpp(63): warning C4482: nonstandard extension used: enum 'Axis' used in qualified name
     1>c:\users\zelyx\documents\software\uni\year 3\sem 2\ict312\firstfinalsubmission\ict312finalprojectandmilestoneone\final milestone\demos\ai\ise\ise-demo\truegameobject.cpp(68): warning C4482: nonstandard extension used: enum 'Axis' used in qualified name
     1>c:\users\zelyx\documents\software\uni\year 3\sem 2\ict312\firstfinalsubmission\ict312finalprojectandmilestoneone\final milestone\demos\ai\ise\ise-demo\truegameobject.cpp(73): warning C4482: nonstandard extension used: enum 'Axis' used in qualified name
         TrueAffordance.cpp
         Texture.cpp
         SoundEngine.cpp
         Sound.cpp
         Skybox.cpp
     1>c:\users\zelyx\documents\software\uni\year 3\sem 2\ict312\firstfinalsubmission\ict312finalprojectandmilestoneone\final milestone\demos\ai\ise\ise-demo\skybox.cpp(32): warning C4244: 'initializing' : conversion from 'double' to 'float', possible loss of data
     1>c:\users\zelyx\documents\software\uni\year 3\sem 2\ict312\firstfinalsubmission\ict312finalprojectandmilestoneone\final milestone\demos\ai\ise\ise-demo\skybox.cpp(32): warning C4244: 'initializing' : conversion from 'double' to 'float', possible loss of data
     1>c:\users\zelyx\documents\software\uni\year 3\sem 2\ict312\firstfinalsubmission\ict312finalprojectandmilestoneone\final milestone\demos\ai\ise\ise-demo\skybox.cpp(32): warning C4244: 'initializing' : conversion from 'double' to 'float', possible loss of data
     1>c:\users\zelyx\documents\software\uni\year 3\sem 2\ict312\firstfinalsubmission\ict312finalprojectandmilestoneone\final milestone\demos\ai\ise\ise-demo\skybox.cpp(33): warning C4244: 'initializing' : conversion from 'double' to 'float', possible loss of data
     1>c:\users\zelyx\documents\software\uni\year 3\sem 2\ict312\firstfinalsubmission\ict312finalprojectandmilestoneone\final milestone\demos\ai\ise\ise-demo\skybox.cpp(33): warning C4244: 'initializing' : conversion from 'double' to 'float', possible loss of data
     1>c:\users\zelyx\documents\software\uni\year 3\sem 2\ict312\firstfinalsubmission\ict312finalprojectandmilestoneone\final milestone\demos\ai\ise\ise-demo\skybox.cpp(33): warning C4244: 'initializing' : conversion from 'double' to 'float', possible loss of data
     1>c:\users\zelyx\documents\software\uni\year 3\sem 2\ict312\firstfinalsubmission\ict312finalprojectandmilestoneone\final milestone\demos\ai\ise\ise-demo\skybox.cpp(34): warning C4244: 'initializing' : conversion from 'double' to 'float', possible loss of data
     1>c:\users\zelyx\documents\software\uni\year 3\sem 2\ict312\firstfinalsubmission\ict312finalprojectandmilestoneone\final milestone\demos\ai\ise\ise-demo\skybox.cpp(34): warning C4244: 'initializing' : conversion from 'double' to 'float', possible loss of data
     1>c:\users\zelyx\documents\software\uni\year 3\sem 2\ict312\firstfinalsubmission\ict312finalprojectandmilestoneone\final milestone\demos\ai\ise\ise-demo\skybox.cpp(34): warning C4244: 'initializing' : conversion from 'double' to 'float', possible loss of data
     1>c:\users\zelyx\documents\software\uni\year 3\sem 2\ict312\firstfinalsubmission\ict312finalprojectandmilestoneone\final milestone\demos\ai\ise\ise-demo\skybox.cpp(36): warning C4244: 'initializing' : conversion from 'double' to 'float', possible loss of data
     1>c:\users\zelyx\documents\software\uni\year 3\sem 2\ict312\firstfinalsubmission\ict312finalprojectandmilestoneone\final milestone\demos\ai\ise\ise-demo\skybox.cpp(36): warning C4244: 'initializing' : conversion from 'double' to 'float', possible loss of data
     1>c:\users\zelyx\documents\software\uni\year 3\sem 2\ict312\firstfinalsubmission\ict312finalprojectandmilestoneone\final milestone\demos\ai\ise\ise-demo\skybox.cpp(36): warning C4244: 'initializing' : conversion from 'double' to 'float', possible loss of data
     1>c:\users\zelyx\documents\software\uni\year 3\sem 2\ict312\firstfinalsubmission\ict312finalprojectandmilestoneone\final milestone\demos\ai\ise\ise-demo\skybox.cpp(37): warning C4244: 'initializing' : conversion from 'double' to 'float', possible loss of data
     1>c:\users\zelyx\documents\software\uni\year 3\sem 2\ict312\firstfinalsubmission\ict312finalprojectandmilestoneone\final milestone\demos\ai\ise\ise-demo\skybox.cpp(37): warning C4244: 'initializing' : conversion from 'double' to 'float', possible loss of data
     1>c:\users\zelyx\documents\software\uni\year 3\sem 2\ict312\firstfinalsubmission\ict312finalprojectandmilestoneone\final milestone\demos\ai\ise\ise-demo\skybox.cpp(37): warning C4244: 'initializing' : conversion from 'double' to 'float', possible loss of data
     1>c:\users\zelyx\documents\software\uni\year 3\sem 2\ict312\firstfinalsubmission\ict312finalprojectandmilestoneone\final milestone\demos\ai\ise\ise-demo\skybox.cpp(38): warning C4244: 'initializing' : conversion from 'double' to 'float', possible loss of data
     1>c:\users\zelyx\documents\software\uni\year 3\sem 2\ict312\firstfinalsubmission\ict312finalprojectandmilestoneone\final milestone\demos\ai\ise\ise-demo\skybox.cpp(38): warning C4244: 'initializing' : conversion from 'double' to 'float', possible loss of data
     1>c:\users\zelyx\documents\software\uni\year 3\sem 2\ict312\firstfinalsubmission\ict312finalprojectandmilestoneone\final milestone\demos\ai\ise\ise-demo\skybox.cpp(38): warning C4244: 'initializing' : conversion from 'double' to 'float', possible loss of data
     1>c:\users\zelyx\documents\software\uni\year 3\sem 2\ict312\firstfinalsubmission\ict312finalprojectandmilestoneone\final milestone\demos\ai\ise\ise-demo\skybox.cpp(76): warning C4244: '=' : conversion from 'double' to 'float', possible loss of data
     1>c:\users\zelyx\documents\software\uni\year 3\sem 2\ict312\firstfinalsubmission\ict312finalprojectandmilestoneone\final milestone\demos\ai\ise\ise-demo\skybox.cpp(77): warning C4244: '=' : conversion from 'double' to 'float', possible loss of data
     1>c:\users\zelyx\documents\software\uni\year 3\sem 2\ict312\firstfinalsubmission\ict312finalprojectandmilestoneone\final milestone\demos\ai\ise\ise-demo\skybox.cpp(78): warning C4244: '=' : conversion from 'double' to 'float', possible loss of data
     1>c:\users\zelyx\documents\software\uni\year 3\sem 2\ict312\firstfinalsubmission\ict312finalprojectandmilestoneone\final milestone\demos\ai\ise\ise-demo\skybox.cpp(80): warning C4244: '=' : conversion from 'double' to 'float', possible loss of data
     1>c:\users\zelyx\documents\software\uni\year 3\sem 2\ict312\firstfinalsubmission\ict312finalprojectandmilestoneone\final milestone\demos\ai\ise\ise-demo\skybox.cpp(81): warning C4244: '=' : conversion from 'double' to 'float', possible loss of data
     1>c:\users\zelyx\documents\software\uni\year 3\sem 2\ict312\firstfinalsubmission\ict312finalprojectandmilestoneone\final milestone\demos\ai\ise\ise-demo\skybox.cpp(82): warning C4244: '=' : conversion from 'double' to 'float', possible loss of data
     1>c:\users\zelyx\documents\software\uni\year 3\sem 2\ict312\firstfinalsubmission\ict312finalprojectandmilestoneone\final milestone\demos\ai\ise\ise-demo\skybox.cpp(84): warning C4244: '=' : conversion from 'double' to 'float', possible loss of data
     1>c:\users\zelyx\documents\software\uni\year 3\sem 2\ict312\firstfinalsubmission\ict312finalprojectandmilestoneone\final milestone\demos\ai\ise\ise-demo\skybox.cpp(85): warning C4244: '=' : conversion from 'double' to 'float', possible loss of data
     1>c:\users\zelyx\documents\software\uni\year 3\sem 2\ict312\firstfinalsubmission\ict312finalprojectandmilestoneone\final milestone\demos\ai\ise\ise-demo\skybox.cpp(86): warning C4244: '=' : conversion from 'double' to 'float', possible loss of data
     1>c:\users\zelyx\documents\software\uni\year 3\sem 2\ict312\firstfinalsubmission\ict312finalprojectandmilestoneone\final milestone\demos\ai\ise\ise-demo\skybox.cpp(90): warning C4244: '=' : conversion from 'double' to 'float', possible loss of data
     1>c:\users\zelyx\documents\software\uni\year 3\sem 2\ict312\firstfinalsubmission\ict312finalprojectandmilestoneone\final milestone\demos\ai\ise\ise-demo\skybox.cpp(91): warning C4244: '=' : conversion from 'double' to 'float', possible loss of data
     1>c:\users\zelyx\documents\software\uni\year 3\sem 2\ict312\firstfinalsubmission\ict312finalprojectandmilestoneone\final milestone\demos\ai\ise\ise-demo\skybox.cpp(92): warning C4244: '=' : conversion from 'double' to 'float', possible loss of data
     1>c:\users\zelyx\documents\software\uni\year 3\sem 2\ict312\firstfinalsubmission\ict312finalprojectandmilestoneone\final milestone\demos\ai\ise\ise-demo\skybox.cpp(94): warning C4244: '=' : conversion from 'double' to 'float', possible loss of data
     1>c:\users\zelyx\documents\software\uni\year 3\sem 2\ict312\firstfinalsubmission\ict312finalprojectandmilestoneone\final milestone\demos\ai\ise\ise-demo\skybox.cpp(95): warning C4244: '=' : conversion from 'double' to 'float', possible loss of data
     1>c:\users\zelyx\documents\software\uni\year 3\sem 2\ict312\firstfinalsubmission\ict312finalprojectandmilestoneone\final milestone\demos\ai\ise\ise-demo\skybox.cpp(96): warning C4244: '=' : conversion from 'double' to 'float', possible loss of data
     1>c:\users\zelyx\documents\software\uni\year 3\sem 2\ict312\firstfinalsubmission\ict312finalprojectandmilestoneone\final milestone\demos\ai\ise\ise-demo\skybox.cpp(98): warning C4244: '=' : conversion from 'double' to 'float', possible loss of data
     1>c:\users\zelyx\documents\software\uni\year 3\sem 2\ict312\firstfinalsubmission\ict312finalprojectandmilestoneone\final milestone\demos\ai\ise\ise-demo\skybox.cpp(99): warning C4244: '=' : conversion from 'double' to 'float', possible loss of data
     1>c:\users\zelyx\documents\software\uni\year 3\sem 2\ict312\firstfinalsubmission\ict312finalprojectandmilestoneone\final milestone\demos\ai\ise\ise-demo\skybox.cpp(100): warning C4244: '=' : conversion from 'double' to 'float', possible loss of data
     1>c:\users\zelyx\documents\software\uni\year 3\sem 2\ict312\firstfinalsubmission\ict312finalprojectandmilestoneone\final milestone\demos\ai\ise\ise-demo\skybox.cpp(128): warning C4244: '=' : conversion from 'double' to 'float', possible loss of data
     1>c:\users\zelyx\documents\software\uni\year 3\sem 2\ict312\firstfinalsubmission\ict312finalprojectandmilestoneone\final milestone\demos\ai\ise\ise-demo\skybox.cpp(129): warning C4244: '=' : conversion from 'double' to 'float', possible loss of data
     1>c:\users\zelyx\documents\software\uni\year 3\sem 2\ict312\firstfinalsubmission\ict312finalprojectandmilestoneone\final milestone\demos\ai\ise\ise-demo\skybox.cpp(130): warning C4244: '=' : conversion from 'double' to 'float', possible loss of data
     1>c:\users\zelyx\documents\software\uni\year 3\sem 2\ict312\firstfinalsubmission\ict312finalprojectandmilestoneone\final milestone\demos\ai\ise\ise-demo\skybox.cpp(132): warning C4244: '=' : conversion from 'double' to 'float', possible loss of data
     1>c:\users\zelyx\documents\software\uni\year 3\sem 2\ict312\firstfinalsubmission\ict312finalprojectandmilestoneone\final milestone\demos\ai\ise\ise-demo\skybox.cpp(133): warning C4244: '=' : conversion from 'double' to 'float', possible loss of data
     1>c:\users\zelyx\documents\software\uni\year 3\sem 2\ict312\firstfinalsubmission\ict312finalprojectandmilestoneone\final milestone\demos\ai\ise\ise-demo\skybox.cpp(134): warning C4244: '=' : conversion from 'double' to 'float', possible loss of data
     1>c:\users\zelyx\documents\software\uni\year 3\sem 2\ict312\firstfinalsubmission\ict312finalprojectandmilestoneone\final milestone\demos\ai\ise\ise-demo\skybox.cpp(136): warning C4244: '=' : conversion from 'double' to 'float', possible loss of data
     1>c:\users\zelyx\documents\software\uni\year 3\sem 2\ict312\firstfinalsubmission\ict312finalprojectandmilestoneone\final milestone\demos\ai\ise\ise-demo\skybox.cpp(137): warning C4244: '=' : conversion from 'double' to 'float', possible loss of data
     1>c:\users\zelyx\documents\software\uni\year 3\sem 2\ict312\firstfinalsubmission\ict312finalprojectandmilestoneone\final milestone\demos\ai\ise\ise-demo\skybox.cpp(138): warning C4244: '=' : conversion from 'double' to 'float', possible loss of data
     1>c:\users\zelyx\documents\software\uni\year 3\sem 2\ict312\firstfinalsubmission\ict312finalprojectandmilestoneone\final milestone\demos\ai\ise\ise-demo\skybox.cpp(142): warning C4244: '=' : conversion from 'double' to 'float', possible loss of data
     1>c:\users\zelyx\documents\software\uni\year 3\sem 2\ict312\firstfinalsubmission\ict312finalprojectandmilestoneone\final milestone\demos\ai\ise\ise-demo\skybox.cpp(143): warning C4244: '=' : conversion from 'double' to 'float', possible loss of data
     1>c:\users\zelyx\documents\software\uni\year 3\sem 2\ict312\firstfinalsubmission\ict312finalprojectandmilestoneone\final milestone\demos\ai\ise\ise-demo\skybox.cpp(144): warning C4244: '=' : conversion from 'double' to 'float', possible loss of data
     1>c:\users\zelyx\documents\software\uni\year 3\sem 2\ict312\firstfinalsubmission\ict312finalprojectandmilestoneone\final milestone\demos\ai\ise\ise-demo\skybox.cpp(146): warning C4244: '=' : conversion from 'double' to 'float', possible loss of data
     1>c:\users\zelyx\documents\software\uni\year 3\sem 2\ict312\firstfinalsubmission\ict312finalprojectandmilestoneone\final milestone\demos\ai\ise\ise-demo\skybox.cpp(147): warning C4244: '=' : conversion from 'double' to 'float', possible loss of data
     1>c:\users\zelyx\documents\software\uni\year 3\sem 2\ict312\firstfinalsubmission\ict312finalprojectandmilestoneone\final milestone\demos\ai\ise\ise-demo\skybox.cpp(148): warning C4244: '=' : conversion from 'double' to 'float', possible loss of data
     1>c:\users\zelyx\documents\software\uni\year 3\sem 2\ict312\firstfinalsubmission\ict312finalprojectandmilestoneone\final milestone\demos\ai\ise\ise-demo\skybox.cpp(150): warning C4244: '=' : conversion from 'double' to 'float', possible loss of data
     1>c:\users\zelyx\documents\software\uni\year 3\sem 2\ict312\firstfinalsubmission\ict312finalprojectandmilestoneone\final milestone\demos\ai\ise\ise-demo\skybox.cpp(151): warning C4244: '=' : conversion from 'double' to 'float', possible loss of data
     1>c:\users\zelyx\documents\software\uni\year 3\sem 2\ict312\firstfinalsubmission\ict312finalprojectandmilestoneone\final milestone\demos\ai\ise\ise-demo\skybox.cpp(152): warning C4244: '=' : conversion from 'double' to 'float', possible loss of data
     1>c:\users\zelyx\documents\software\uni\year 3\sem 2\ict312\firstfinalsubmission\ict312finalprojectandmilestoneone\final milestone\demos\ai\ise\ise-demo\skybox.cpp(180): warning C4244: '=' : conversion from 'double' to 'float', possible loss of data
     1>c:\users\zelyx\documents\software\uni\year 3\sem 2\ict312\firstfinalsubmission\ict312finalprojectandmilestoneone\final milestone\demos\ai\ise\ise-demo\skybox.cpp(181): warning C4244: '=' : conversion from 'double' to 'float', possible loss of data
     1>c:\users\zelyx\documents\software\uni\year 3\sem 2\ict312\firstfinalsubmission\ict312finalprojectandmilestoneone\final milestone\demos\ai\ise\ise-demo\skybox.cpp(182): warning C4244: '=' : conversion from 'double' to 'float', possible loss of data
     1>c:\users\zelyx\documents\software\uni\year 3\sem 2\ict312\firstfinalsubmission\ict312finalprojectandmilestoneone\final milestone\demos\ai\ise\ise-demo\skybox.cpp(184): warning C4244: '=' : conversion from 'double' to 'float', possible loss of data
     1>c:\users\zelyx\documents\software\uni\year 3\sem 2\ict312\firstfinalsubmission\ict312finalprojectandmilestoneone\final milestone\demos\ai\ise\ise-demo\skybox.cpp(185): warning C4244: '=' : conversion from 'double' to 'float', possible loss of data
     1>c:\users\zelyx\documents\software\uni\year 3\sem 2\ict312\firstfinalsubmission\ict312finalprojectandmilestoneone\final milestone\demos\ai\ise\ise-demo\skybox.cpp(186): warning C4244: '=' : conversion from 'double' to 'float', possible loss of data
     1>c:\users\zelyx\documents\software\uni\year 3\sem 2\ict312\firstfinalsubmission\ict312finalprojectandmilestoneone\final milestone\demos\ai\ise\ise-demo\skybox.cpp(188): warning C4244: '=' : conversion from 'double' to 'float', possible loss of data
     1>c:\users\zelyx\documents\software\uni\year 3\sem 2\ict312\firstfinalsubmission\ict312finalprojectandmilestoneone\final milestone\demos\ai\ise\ise-demo\skybox.cpp(189): warning C4244: '=' : conversion from 'double' to 'float', possible loss of data
     1>c:\users\zelyx\documents\software\uni\year 3\sem 2\ict312\firstfinalsubmission\ict312finalprojectandmilestoneone\final milestone\demos\ai\ise\ise-demo\skybox.cpp(190): warning C4244: '=' : conversion from 'double' to 'float', possible loss of data
     1>c:\users\zelyx\documents\software\uni\year 3\sem 2\ict312\firstfinalsubmission\ict312finalprojectandmilestoneone\final milestone\demos\ai\ise\ise-demo\skybox.cpp(194): warning C4244: '=' : conversion from 'double' to 'float', possible loss of data
     1>c:\users\zelyx\documents\software\uni\year 3\sem 2\ict312\firstfinalsubmission\ict312finalprojectandmilestoneone\final milestone\demos\ai\ise\ise-demo\skybox.cpp(195): warning C4244: '=' : conversion from 'double' to 'float', possible loss of data
     1>c:\users\zelyx\documents\software\uni\year 3\sem 2\ict312\firstfinalsubmission\ict312finalprojectandmilestoneone\final milestone\demos\ai\ise\ise-demo\skybox.cpp(196): warning C4244: '=' : conversion from 'double' to 'float', possible loss of data
     1>c:\users\zelyx\documents\software\uni\year 3\sem 2\ict312\firstfinalsubmission\ict312finalprojectandmilestoneone\final milestone\demos\ai\ise\ise-demo\skybox.cpp(198): warning C4244: '=' : conversion from 'double' to 'float', possible loss of data
     1>c:\users\zelyx\documents\software\uni\year 3\sem 2\ict312\firstfinalsubmission\ict312finalprojectandmilestoneone\final milestone\demos\ai\ise\ise-demo\skybox.cpp(199): warning C4244: '=' : conversion from 'double' to 'float', possible loss of data
     1>c:\users\zelyx\documents\software\uni\year 3\sem 2\ict312\firstfinalsubmission\ict312finalprojectandmilestoneone\final milestone\demos\ai\ise\ise-demo\skybox.cpp(200): warning C4244: '=' : conversion from 'double' to 'float', possible loss of data
     1>c:\users\zelyx\documents\software\uni\year 3\sem 2\ict312\firstfinalsubmission\ict312finalprojectandmilestoneone\final milestone\demos\ai\ise\ise-demo\skybox.cpp(202): warning C4244: '=' : conversion from 'double' to 'float', possible loss of data
     1>c:\users\zelyx\documents\software\uni\year 3\sem 2\ict312\firstfinalsubmission\ict312finalprojectandmilestoneone\final milestone\demos\ai\ise\ise-demo\skybox.cpp(203): warning C4244: '=' : conversion from 'double' to 'float', possible loss of data
     1>c:\users\zelyx\documents\software\uni\year 3\sem 2\ict312\firstfinalsubmission\ict312finalprojectandmilestoneone\final milestone\demos\ai\ise\ise-demo\skybox.cpp(204): warning C4244: '=' : conversion from 'double' to 'float', possible loss of data
     1>c:\users\zelyx\documents\software\uni\year 3\sem 2\ict312\firstfinalsubmission\ict312finalprojectandmilestoneone\final milestone\demos\ai\ise\ise-demo\skybox.cpp(232): warning C4244: '=' : conversion from 'double' to 'float', possible loss of data
     1>c:\users\zelyx\documents\software\uni\year 3\sem 2\ict312\firstfinalsubmission\ict312finalprojectandmilestoneone\final milestone\demos\ai\ise\ise-demo\skybox.cpp(233): warning C4244: '=' : conversion from 'double' to 'float', possible loss of data
     1>c:\users\zelyx\documents\software\uni\year 3\sem 2\ict312\firstfinalsubmission\ict312finalprojectandmilestoneone\final milestone\demos\ai\ise\ise-demo\skybox.cpp(234): warning C4244: '=' : conversion from 'double' to 'float', possible loss of data
     1>c:\users\zelyx\documents\software\uni\year 3\sem 2\ict312\firstfinalsubmission\ict312finalprojectandmilestoneone\final milestone\demos\ai\ise\ise-demo\skybox.cpp(236): warning C4244: '=' : conversion from 'double' to 'float', possible loss of data
     1>c:\users\zelyx\documents\software\uni\year 3\sem 2\ict312\firstfinalsubmission\ict312finalprojectandmilestoneone\final milestone\demos\ai\ise\ise-demo\skybox.cpp(237): warning C4244: '=' : conversion from 'double' to 'float', possible loss of data
     1>c:\users\zelyx\documents\software\uni\year 3\sem 2\ict312\firstfinalsubmission\ict312finalprojectandmilestoneone\final milestone\demos\ai\ise\ise-demo\skybox.cpp(238): warning C4244: '=' : conversion from 'double' to 'float', possible loss of data
     1>c:\users\zelyx\documents\software\uni\year 3\sem 2\ict312\firstfinalsubmission\ict312finalprojectandmilestoneone\final milestone\demos\ai\ise\ise-demo\skybox.cpp(240): warning C4244: '=' : conversion from 'double' to 'float', possible loss of data
     1>c:\users\zelyx\documents\software\uni\year 3\sem 2\ict312\firstfinalsubmission\ict312finalprojectandmilestoneone\final milestone\demos\ai\ise\ise-demo\skybox.cpp(241): warning C4244: '=' : conversion from 'double' to 'float', possible loss of data
     1>c:\users\zelyx\documents\software\uni\year 3\sem 2\ict312\firstfinalsubmission\ict312finalprojectandmilestoneone\final milestone\demos\ai\ise\ise-demo\skybox.cpp(242): warning C4244: '=' : conversion from 'double' to 'float', possible loss of data
     1>c:\users\zelyx\documents\software\uni\year 3\sem 2\ict312\firstfinalsubmission\ict312finalprojectandmilestoneone\final milestone\demos\ai\ise\ise-demo\skybox.cpp(246): warning C4244: '=' : conversion from 'double' to 'float', possible loss of data
     1>c:\users\zelyx\documents\software\uni\year 3\sem 2\ict312\firstfinalsubmission\ict312finalprojectandmilestoneone\final milestone\demos\ai\ise\ise-demo\skybox.cpp(247): warning C4244: '=' : conversion from 'double' to 'float', possible loss of data
     1>c:\users\zelyx\documents\software\uni\year 3\sem 2\ict312\firstfinalsubmission\ict312finalprojectandmilestoneone\final milestone\demos\ai\ise\ise-demo\skybox.cpp(248): warning C4244: '=' : conversion from 'double' to 'float', possible loss of data
     1>c:\users\zelyx\documents\software\uni\year 3\sem 2\ict312\firstfinalsubmission\ict312finalprojectandmilestoneone\final milestone\demos\ai\ise\ise-demo\skybox.cpp(250): warning C4244: '=' : conversion from 'double' to 'float', possible loss of data
     1>c:\users\zelyx\documents\software\uni\year 3\sem 2\ict312\firstfinalsubmission\ict312finalprojectandmilestoneone\final milestone\demos\ai\ise\ise-demo\skybox.cpp(251): warning C4244: '=' : conversion from 'double' to 'float', possible loss of data
     1>c:\users\zelyx\documents\software\uni\year 3\sem 2\ict312\firstfinalsubmission\ict312finalprojectandmilestoneone\final milestone\demos\ai\ise\ise-demo\skybox.cpp(252): warning C4244: '=' : conversion from 'double' to 'float', possible loss of data
     1>c:\users\zelyx\documents\software\uni\year 3\sem 2\ict312\firstfinalsubmission\ict312finalprojectandmilestoneone\final milestone\demos\ai\ise\ise-demo\skybox.cpp(254): warning C4244: '=' : conversion from 'double' to 'float', possible loss of data
     1>c:\users\zelyx\documents\software\uni\year 3\sem 2\ict312\firstfinalsubmission\ict312finalprojectandmilestoneone\final milestone\demos\ai\ise\ise-demo\skybox.cpp(255): warning C4244: '=' : conversion from 'double' to 'float', possible loss of data
     1>c:\users\zelyx\documents\software\uni\year 3\sem 2\ict312\firstfinalsubmission\ict312finalprojectandmilestoneone\final milestone\demos\ai\ise\ise-demo\skybox.cpp(256): warning C4244: '=' : conversion from 'double' to 'float', possible loss of data
     1>c:\users\zelyx\documents\software\uni\year 3\sem 2\ict312\firstfinalsubmission\ict312finalprojectandmilestoneone\final milestone\demos\ai\ise\ise-demo\skybox.cpp(284): warning C4244: '=' : conversion from 'double' to 'float', possible loss of data
     1>c:\users\zelyx\documents\software\uni\year 3\sem 2\ict312\firstfinalsubmission\ict312finalprojectandmilestoneone\final milestone\demos\ai\ise\ise-demo\skybox.cpp(285): warning C4244: '=' : conversion from 'double' to 'float', possible loss of data
     1>c:\users\zelyx\documents\software\uni\year 3\sem 2\ict312\firstfinalsubmission\ict312finalprojectandmilestoneone\final milestone\demos\ai\ise\ise-demo\skybox.cpp(286): warning C4244: '=' : conversion from 'double' to 'float', possible loss of data
     1>c:\users\zelyx\documents\software\uni\year 3\sem 2\ict312\firstfinalsubmission\ict312finalprojectandmilestoneone\final milestone\demos\ai\ise\ise-demo\skybox.cpp(288): warning C4244: '=' : conversion from 'double' to 'float', possible loss of data
     1>c:\users\zelyx\documents\software\uni\year 3\sem 2\ict312\firstfinalsubmission\ict312finalprojectandmilestoneone\final milestone\demos\ai\ise\ise-demo\skybox.cpp(289): warning C4244: '=' : conversion from 'double' to 'float', possible loss of data
     1>c:\users\zelyx\documents\software\uni\year 3\sem 2\ict312\firstfinalsubmission\ict312finalprojectandmilestoneone\final milestone\demos\ai\ise\ise-demo\skybox.cpp(290): warning C4244: '=' : conversion from 'double' to 'float', possible loss of data
     1>c:\users\zelyx\documents\software\uni\year 3\sem 2\ict312\firstfinalsubmission\ict312finalprojectandmilestoneone\final milestone\demos\ai\ise\ise-demo\skybox.cpp(292): warning C4244: '=' : conversion from 'double' to 'float', possible loss of data
     1>c:\users\zelyx\documents\software\uni\year 3\sem 2\ict312\firstfinalsubmission\ict312finalprojectandmilestoneone\final milestone\demos\ai\ise\ise-demo\skybox.cpp(293): warning C4244: '=' : conversion from 'double' to 'float', possible loss of data
     1>c:\users\zelyx\documents\software\uni\year 3\sem 2\ict312\firstfinalsubmission\ict312finalprojectandmilestoneone\final milestone\demos\ai\ise\ise-demo\skybox.cpp(294): warning C4244: '=' : conversion from 'double' to 'float', possible loss of data
     1>c:\users\zelyx\documents\software\uni\year 3\sem 2\ict312\firstfinalsubmission\ict312finalprojectandmilestoneone\final milestone\demos\ai\ise\ise-demo\skybox.cpp(298): warning C4244: '=' : conversion from 'double' to 'float', possible loss of data
     1>c:\users\zelyx\documents\software\uni\year 3\sem 2\ict312\firstfinalsubmission\ict312finalprojectandmilestoneone\final milestone\demos\ai\ise\ise-demo\skybox.cpp(299): warning C4244: '=' : conversion from 'double' to 'float', possible loss of data
     1>c:\users\zelyx\documents\software\uni\year 3\sem 2\ict312\firstfinalsubmission\ict312finalprojectandmilestoneone\final milestone\demos\ai\ise\ise-demo\skybox.cpp(300): warning C4244: '=' : conversion from 'double' to 'float', possible loss of data
     1>c:\users\zelyx\documents\software\uni\year 3\sem 2\ict312\firstfinalsubmission\ict312finalprojectandmilestoneone\final milestone\demos\ai\ise\ise-demo\skybox.cpp(302): warning C4244: '=' : conversion from 'double' to 'float', possible loss of data
     1>c:\users\zelyx\documents\software\uni\year 3\sem 2\ict312\firstfinalsubmission\ict312finalprojectandmilestoneone\final milestone\demos\ai\ise\ise-demo\skybox.cpp(303): warning C4244: '=' : conversion from 'double' to 'float', possible loss of data
     1>c:\users\zelyx\documents\software\uni\year 3\sem 2\ict312\firstfinalsubmission\ict312finalprojectandmilestoneone\final milestone\demos\ai\ise\ise-demo\skybox.cpp(304): warning C4244: '=' : conversion from 'double' to 'float', possible loss of data
     1>c:\users\zelyx\documents\software\uni\year 3\sem 2\ict312\firstfinalsubmission\ict312finalprojectandmilestoneone\final milestone\demos\ai\ise\ise-demo\skybox.cpp(306): warning C4244: '=' : conversion from 'double' to 'float', possible loss of data
     1>c:\users\zelyx\documents\software\uni\year 3\sem 2\ict312\firstfinalsubmission\ict312finalprojectandmilestoneone\final milestone\demos\ai\ise\ise-demo\skybox.cpp(307): warning C4244: '=' : conversion from 'double' to 'float', possible loss of data
     1>c:\users\zelyx\documents\software\uni\year 3\sem 2\ict312\firstfinalsubmission\ict312finalprojectandmilestoneone\final milestone\demos\ai\ise\ise-demo\skybox.cpp(308): warning C4244: '=' : conversion from 'double' to 'float', possible loss of data
         SFML_Texture.cpp
         SFML_Sound.cpp
     1>c:\users\zelyx\documents\software\uni\year 3\sem 2\ict312\firstfinalsubmission\ict312finalprojectandmilestoneone\final milestone\demos\ai\ise\ise-demo\sfml_sound.cpp(73): warning C4800: 'float' : forcing value to bool 'true' or 'false' (performance warning)
         SFML_Input.cpp
         SFML_Facade.cpp
         SFML_Clock.cpp
     1>c:\users\zelyx\documents\software\uni\year 3\sem 2\ict312\firstfinalsubmission\ict312finalprojectandmilestoneone\final milestone\demos\ai\ise\ise-demo\sfml_clock.cpp(17): warning C4244: 'return' : conversion from 'sf::Int32' to 'float', possible loss of data
         RenderEngine.cpp
         Render.cpp
         Personality.cpp
     1>c:\users\zelyx\documents\software\uni\year 3\sem 2\ict312\firstfinalsubmission\ict312finalprojectandmilestoneone\final milestone\demos\ai\ise\ise-demo\personality.cpp(542): warning C4018: '<' : signed/unsigned mismatch
     1>c:\users\zelyx\documents\software\uni\year 3\sem 2\ict312\firstfinalsubmission\ict312finalprojectandmilestoneone\final milestone\demos\ai\ise\ise-demo\personality.cpp(546): warning C4018: '<' : signed/unsigned mismatch
     1>c:\users\zelyx\documents\software\uni\year 3\sem 2\ict312\firstfinalsubmission\ict312finalprojectandmilestoneone\final milestone\demos\ai\ise\ise-demo\personality.cpp(550): warning C4018: '<' : signed/unsigned mismatch
         OPENGL_Facade.cpp
         objLoader.cpp
         Generating Code...
         Compiling...
         NavMesh.cpp
     1>c:\users\zelyx\documents\software\uni\year 3\sem 2\ict312\firstfinalsubmission\ict312finalprojectandmilestoneone\final milestone\demos\ai\ise\ise-demo\navmesh.cpp(90): warning C4018: '<' : signed/unsigned mismatch
     1>c:\users\zelyx\documents\software\uni\year 3\sem 2\ict312\firstfinalsubmission\ict312finalprojectandmilestoneone\final milestone\demos\ai\ise\ise-demo\navmesh.cpp(144): warning C4018: '<' : signed/unsigned mismatch
     1>c:\users\zelyx\documents\software\uni\year 3\sem 2\ict312\firstfinalsubmission\ict312finalprojectandmilestoneone\final milestone\demos\ai\ise\ise-demo\navmesh.cpp(73): warning C4101: 'successorNode' : unreferenced local variable
     1>c:\users\zelyx\documents\software\uni\year 3\sem 2\ict312\firstfinalsubmission\ict312finalprojectandmilestoneone\final milestone\demos\ai\ise\ise-demo\navmesh.cpp(502): warning C4018: '<' : signed/unsigned mismatch
     1>c:\users\zelyx\documents\software\uni\year 3\sem 2\ict312\firstfinalsubmission\ict312finalprojectandmilestoneone\final milestone\demos\ai\ise\ise-demo\navmesh.cpp(520): warning C4018: '<' : signed/unsigned mismatch
         Model.cpp
         Main.cpp
     1>c:\users\zelyx\documents\software\uni\year 3\sem 2\ict312\firstfinalsubmission\ict312finalprojectandmilestoneone\final milestone\demos\ai\ise\ise-demo\main.cpp(1231): warning C4244: 'argument' : conversion from 'double' to 'float', possible loss of data
     1>c:\users\zelyx\documents\software\uni\year 3\sem 2\ict312\firstfinalsubmission\ict312finalprojectandmilestoneone\final milestone\demos\ai\ise\ise-demo\main.cpp(1232): warning C4244: 'argument' : conversion from 'double' to 'float', possible loss of data
         Loaderab.cpp
         ISE.cpp
     1>c:\users\zelyx\documents\software\uni\year 3\sem 2\ict312\firstfinalsubmission\ict312finalprojectandmilestoneone\final milestone\demos\ai\ise\ise-demo\ise.cpp(9): warning C4305: 'argument' : truncation from 'double' to 'float'
     1>c:\users\zelyx\documents\software\uni\year 3\sem 2\ict312\firstfinalsubmission\ict312finalprojectandmilestoneone\final milestone\demos\ai\ise\ise-demo\ise.cpp(9): warning C4305: 'argument' : truncation from 'double' to 'float'
     1>c:\users\zelyx\documents\software\uni\year 3\sem 2\ict312\firstfinalsubmission\ict312finalprojectandmilestoneone\final milestone\demos\ai\ise\ise-demo\ise.cpp(10): warning C4244: 'argument' : conversion from 'double' to 'int', possible loss of data
     1>c:\users\zelyx\documents\software\uni\year 3\sem 2\ict312\firstfinalsubmission\ict312finalprojectandmilestoneone\final milestone\demos\ai\ise\ise-demo\ise.cpp(10): warning C4244: 'argument' : conversion from 'double' to 'int', possible loss of data
     1>c:\users\zelyx\documents\software\uni\year 3\sem 2\ict312\firstfinalsubmission\ict312finalprojectandmilestoneone\final milestone\demos\ai\ise\ise-demo\ise.cpp(22): warning C4305: '=' : truncation from 'double' to 'float'
     1>c:\users\zelyx\documents\software\uni\year 3\sem 2\ict312\firstfinalsubmission\ict312finalprojectandmilestoneone\final milestone\demos\ai\ise\ise-demo\ise.cpp(50): warning C4018: '<' : signed/unsigned mismatch
     1>c:\users\zelyx\documents\software\uni\year 3\sem 2\ict312\firstfinalsubmission\ict312finalprojectandmilestoneone\final milestone\demos\ai\ise\ise-demo\ise.cpp(53): warning C4018: '<' : signed/unsigned mismatch
     1>c:\users\zelyx\documents\software\uni\year 3\sem 2\ict312\firstfinalsubmission\ict312finalprojectandmilestoneone\final milestone\demos\ai\ise\ise-demo\ise.cpp(120): warning C4018: '<' : signed/unsigned mismatch
     1>c:\users\zelyx\documents\software\uni\year 3\sem 2\ict312\firstfinalsubmission\ict312finalprojectandmilestoneone\final milestone\demos\ai\ise\ise-demo\ise.cpp(141): warning C4018: '<' : signed/unsigned mismatch
     1>c:\users\zelyx\documents\software\uni\year 3\sem 2\ict312\firstfinalsubmission\ict312finalprojectandmilestoneone\final milestone\demos\ai\ise\ise-demo\ise.cpp(172): warning C4018: '<' : signed/unsigned mismatch
     1>c:\users\zelyx\documents\software\uni\year 3\sem 2\ict312\firstfinalsubmission\ict312finalprojectandmilestoneone\final milestone\demos\ai\ise\ise-demo\ise.cpp(188): warning C4018: '<' : signed/unsigned mismatch
     1>c:\users\zelyx\documents\software\uni\year 3\sem 2\ict312\firstfinalsubmission\ict312finalprojectandmilestoneone\final milestone\demos\ai\ise\ise-demo\ise.cpp(204): warning C4018: '<' : signed/unsigned mismatch
     1>c:\users\zelyx\documents\software\uni\year 3\sem 2\ict312\firstfinalsubmission\ict312finalprojectandmilestoneone\final milestone\demos\ai\ise\ise-demo\ise.cpp(230): warning C4482: nonstandard extension used: enum 'Axis' used in qualified name
     1>c:\users\zelyx\documents\software\uni\year 3\sem 2\ict312\firstfinalsubmission\ict312finalprojectandmilestoneone\final milestone\demos\ai\ise\ise-demo\ise.cpp(231): warning C4482: nonstandard extension used: enum 'Axis' used in qualified name
     1>c:\users\zelyx\documents\software\uni\year 3\sem 2\ict312\firstfinalsubmission\ict312finalprojectandmilestoneone\final milestone\demos\ai\ise\ise-demo\ise.cpp(232): warning C4482: nonstandard extension used: enum 'Axis' used in qualified name
     1>c:\users\zelyx\documents\software\uni\year 3\sem 2\ict312\firstfinalsubmission\ict312finalprojectandmilestoneone\final milestone\demos\ai\ise\ise-demo\ise.cpp(259): warning C4018: '<' : signed/unsigned mismatch
     1>c:\users\zelyx\documents\software\uni\year 3\sem 2\ict312\firstfinalsubmission\ict312finalprojectandmilestoneone\final milestone\demos\ai\ise\ise-demo\ise.cpp(279): warning C4018: '<' : signed/unsigned mismatch
     1>c:\users\zelyx\documents\software\uni\year 3\sem 2\ict312\firstfinalsubmission\ict312finalprojectandmilestoneone\final milestone\demos\ai\ise\ise-demo\ise.cpp(300): warning C4018: '<' : signed/unsigned mismatch
     1>c:\users\zelyx\documents\software\uni\year 3\sem 2\ict312\firstfinalsubmission\ict312finalprojectandmilestoneone\final milestone\demos\ai\ise\ise-demo\ise.cpp(320): warning C4018: '<' : signed/unsigned mismatch
     1>c:\users\zelyx\documents\software\uni\year 3\sem 2\ict312\firstfinalsubmission\ict312finalprojectandmilestoneone\final milestone\demos\ai\ise\ise-demo\ise.cpp(342): warning C4018: '<' : signed/unsigned mismatch
     1>c:\users\zelyx\documents\software\uni\year 3\sem 2\ict312\firstfinalsubmission\ict312finalprojectandmilestoneone\final milestone\demos\ai\ise\ise-demo\ise.cpp(363): warning C4018: '<' : signed/unsigned mismatch
     1>c:\users\zelyx\documents\software\uni\year 3\sem 2\ict312\firstfinalsubmission\ict312finalprojectandmilestoneone\final milestone\demos\ai\ise\ise-demo\ise.cpp(385): warning C4018: '<' : signed/unsigned mismatch
     1>c:\users\zelyx\documents\software\uni\year 3\sem 2\ict312\firstfinalsubmission\ict312finalprojectandmilestoneone\final milestone\demos\ai\ise\ise-demo\ise.cpp(406): warning C4018: '<' : signed/unsigned mismatch
     1>c:\users\zelyx\documents\software\uni\year 3\sem 2\ict312\firstfinalsubmission\ict312finalprojectandmilestoneone\final milestone\demos\ai\ise\ise-demo\ise.cpp(428): warning C4018: '<' : signed/unsigned mismatch
     1>c:\users\zelyx\documents\software\uni\year 3\sem 2\ict312\firstfinalsubmission\ict312finalprojectandmilestoneone\final milestone\demos\ai\ise\ise-demo\ise.cpp(449): warning C4018: '<' : signed/unsigned mismatch
     1>c:\users\zelyx\documents\software\uni\year 3\sem 2\ict312\firstfinalsubmission\ict312finalprojectandmilestoneone\final milestone\demos\ai\ise\ise-demo\ise.cpp(470): warning C4018: '<' : signed/unsigned mismatch
     1>c:\users\zelyx\documents\software\uni\year 3\sem 2\ict312\firstfinalsubmission\ict312finalprojectandmilestoneone\final milestone\demos\ai\ise\ise-demo\ise.cpp(490): warning C4018: '<' : signed/unsigned mismatch
     1>c:\users\zelyx\documents\software\uni\year 3\sem 2\ict312\firstfinalsubmission\ict312finalprojectandmilestoneone\final milestone\demos\ai\ise\ise-demo\ise.cpp(497): warning C4482: nonstandard extension used: enum 'Axis' used in qualified name
     1>c:\users\zelyx\documents\software\uni\year 3\sem 2\ict312\firstfinalsubmission\ict312finalprojectandmilestoneone\final milestone\demos\ai\ise\ise-demo\ise.cpp(511): warning C4018: '<' : signed/unsigned mismatch
     1>c:\users\zelyx\documents\software\uni\year 3\sem 2\ict312\firstfinalsubmission\ict312finalprojectandmilestoneone\final milestone\demos\ai\ise\ise-demo\ise.cpp(531): warning C4018: '<' : signed/unsigned mismatch
     1>c:\users\zelyx\documents\software\uni\year 3\sem 2\ict312\firstfinalsubmission\ict312finalprojectandmilestoneone\final milestone\demos\ai\ise\ise-demo\ise.cpp(538): warning C4482: nonstandard extension used: enum 'Axis' used in qualified name
     1>c:\users\zelyx\documents\software\uni\year 3\sem 2\ict312\firstfinalsubmission\ict312finalprojectandmilestoneone\final milestone\demos\ai\ise\ise-demo\ise.cpp(552): warning C4018: '<' : signed/unsigned mismatch
     1>c:\users\zelyx\documents\software\uni\year 3\sem 2\ict312\firstfinalsubmission\ict312finalprojectandmilestoneone\final milestone\demos\ai\ise\ise-demo\ise.cpp(572): warning C4018: '<' : signed/unsigned mismatch
     1>c:\users\zelyx\documents\software\uni\year 3\sem 2\ict312\firstfinalsubmission\ict312finalprojectandmilestoneone\final milestone\demos\ai\ise\ise-demo\ise.cpp(579): warning C4482: nonstandard extension used: enum 'Axis' used in qualified name
     1>c:\users\zelyx\documents\software\uni\year 3\sem 2\ict312\firstfinalsubmission\ict312finalprojectandmilestoneone\final milestone\demos\ai\ise\ise-demo\ise.cpp(633): warning C4482: nonstandard extension used: enum 'Axis' used in qualified name
     1>c:\users\zelyx\documents\software\uni\year 3\sem 2\ict312\firstfinalsubmission\ict312finalprojectandmilestoneone\final milestone\demos\ai\ise\ise-demo\ise.cpp(645): warning C4482: nonstandard extension used: enum 'Axis' used in qualified name
     1>c:\users\zelyx\documents\software\uni\year 3\sem 2\ict312\firstfinalsubmission\ict312finalprojectandmilestoneone\final milestone\demos\ai\ise\ise-demo\ise.cpp(657): warning C4482: nonstandard extension used: enum 'Axis' used in qualified name
     1>c:\users\zelyx\documents\software\uni\year 3\sem 2\ict312\firstfinalsubmission\ict312finalprojectandmilestoneone\final milestone\demos\ai\ise\ise-demo\ise.cpp(756): warning C4244: '=' : conversion from 'int' to 'float', possible loss of data
     1>c:\users\zelyx\documents\software\uni\year 3\sem 2\ict312\firstfinalsubmission\ict312finalprojectandmilestoneone\final milestone\demos\ai\ise\ise-demo\ise.cpp(757): warning C4244: '=' : conversion from 'int' to 'float', possible loss of data
     1>c:\users\zelyx\documents\software\uni\year 3\sem 2\ict312\firstfinalsubmission\ict312finalprojectandmilestoneone\final milestone\demos\ai\ise\ise-demo\ise.cpp(758): warning C4244: 'argument' : conversion from 'float' to 'int', possible loss of data
     1>c:\users\zelyx\documents\software\uni\year 3\sem 2\ict312\firstfinalsubmission\ict312finalprojectandmilestoneone\final milestone\demos\ai\ise\ise-demo\ise.cpp(759): warning C4244: 'argument' : conversion from 'float' to 'int', possible loss of data
     1>c:\users\zelyx\documents\software\uni\year 3\sem 2\ict312\firstfinalsubmission\ict312finalprojectandmilestoneone\final milestone\demos\ai\ise\ise-demo\ise.cpp(809): warning C4018: '<' : signed/unsigned mismatch
     1>c:\users\zelyx\documents\software\uni\year 3\sem 2\ict312\firstfinalsubmission\ict312finalprojectandmilestoneone\final milestone\demos\ai\ise\ise-demo\ise.cpp(812): warning C4018: '<' : signed/unsigned mismatch
     1>c:\users\zelyx\documents\software\uni\year 3\sem 2\ict312\firstfinalsubmission\ict312finalprojectandmilestoneone\final milestone\demos\ai\ise\ise-demo\ise.cpp(822): warning C4482: nonstandard extension used: enum 'Axis' used in qualified name
     1>c:\users\zelyx\documents\software\uni\year 3\sem 2\ict312\firstfinalsubmission\ict312finalprojectandmilestoneone\final milestone\demos\ai\ise\ise-demo\ise.cpp(823): warning C4482: nonstandard extension used: enum 'Axis' used in qualified name
     1>c:\users\zelyx\documents\software\uni\year 3\sem 2\ict312\firstfinalsubmission\ict312finalprojectandmilestoneone\final milestone\demos\ai\ise\ise-demo\ise.cpp(824): warning C4482: nonstandard extension used: enum 'Axis' used in qualified name
     1>c:\users\zelyx\documents\software\uni\year 3\sem 2\ict312\firstfinalsubmission\ict312finalprojectandmilestoneone\final milestone\demos\ai\ise\ise-demo\ise.cpp(848): warning C4482: nonstandard extension used: enum 'Axis' used in qualified name
     1>c:\users\zelyx\documents\software\uni\year 3\sem 2\ict312\firstfinalsubmission\ict312finalprojectandmilestoneone\final milestone\demos\ai\ise\ise-demo\ise.cpp(849): warning C4482: nonstandard extension used: enum 'Axis' used in qualified name
     1>c:\users\zelyx\documents\software\uni\year 3\sem 2\ict312\firstfinalsubmission\ict312finalprojectandmilestoneone\final milestone\demos\ai\ise\ise-demo\ise.cpp(850): warning C4482: nonstandard extension used: enum 'Axis' used in qualified name
     1>c:\users\zelyx\documents\software\uni\year 3\sem 2\ict312\firstfinalsubmission\ict312finalprojectandmilestoneone\final milestone\demos\ai\ise\ise-demo\ise.cpp(862): warning C4482: nonstandard extension used: enum 'Axis' used in qualified name
     1>c:\users\zelyx\documents\software\uni\year 3\sem 2\ict312\firstfinalsubmission\ict312finalprojectandmilestoneone\final milestone\demos\ai\ise\ise-demo\ise.cpp(863): warning C4482: nonstandard extension used: enum 'Axis' used in qualified name
     1>c:\users\zelyx\documents\software\uni\year 3\sem 2\ict312\firstfinalsubmission\ict312finalprojectandmilestoneone\final milestone\demos\ai\ise\ise-demo\ise.cpp(864): warning C4482: nonstandard extension used: enum 'Axis' used in qualified name
     1>c:\users\zelyx\documents\software\uni\year 3\sem 2\ict312\firstfinalsubmission\ict312finalprojectandmilestoneone\final milestone\demos\ai\ise\ise-demo\ise.cpp(875): warning C4482: nonstandard extension used: enum 'Axis' used in qualified name
     1>c:\users\zelyx\documents\software\uni\year 3\sem 2\ict312\firstfinalsubmission\ict312finalprojectandmilestoneone\final milestone\demos\ai\ise\ise-demo\ise.cpp(876): warning C4482: nonstandard extension used: enum 'Axis' used in qualified name
     1>c:\users\zelyx\documents\software\uni\year 3\sem 2\ict312\firstfinalsubmission\ict312finalprojectandmilestoneone\final milestone\demos\ai\ise\ise-demo\ise.cpp(877): warning C4482: nonstandard extension used: enum 'Axis' used in qualified name
     1>c:\users\zelyx\documents\software\uni\year 3\sem 2\ict312\firstfinalsubmission\ict312finalprojectandmilestoneone\final milestone\demos\ai\ise\ise-demo\ise.cpp(888): warning C4482: nonstandard extension used: enum 'Axis' used in qualified name
     1>c:\users\zelyx\documents\software\uni\year 3\sem 2\ict312\firstfinalsubmission\ict312finalprojectandmilestoneone\final milestone\demos\ai\ise\ise-demo\ise.cpp(889): warning C4482: nonstandard extension used: enum 'Axis' used in qualified name
     1>c:\users\zelyx\documents\software\uni\year 3\sem 2\ict312\firstfinalsubmission\ict312finalprojectandmilestoneone\final milestone\demos\ai\ise\ise-demo\ise.cpp(890): warning C4482: nonstandard extension used: enum 'Axis' used in qualified name
     1>c:\users\zelyx\documents\software\uni\year 3\sem 2\ict312\firstfinalsubmission\ict312finalprojectandmilestoneone\final milestone\demos\ai\ise\ise-demo\ise.cpp(901): warning C4482: nonstandard extension used: enum 'Axis' used in qualified name
     1>c:\users\zelyx\documents\software\uni\year 3\sem 2\ict312\firstfinalsubmission\ict312finalprojectandmilestoneone\final milestone\demos\ai\ise\ise-demo\ise.cpp(902): warning C4482: nonstandard extension used: enum 'Axis' used in qualified name
     1>c:\users\zelyx\documents\software\uni\year 3\sem 2\ict312\firstfinalsubmission\ict312finalprojectandmilestoneone\final milestone\demos\ai\ise\ise-demo\ise.cpp(903): warning C4482: nonstandard extension used: enum 'Axis' used in qualified name
     1>c:\users\zelyx\documents\software\uni\year 3\sem 2\ict312\firstfinalsubmission\ict312finalprojectandmilestoneone\final milestone\demos\ai\ise\ise-demo\ise.cpp(914): warning C4482: nonstandard extension used: enum 'Axis' used in qualified name
     1>c:\users\zelyx\documents\software\uni\year 3\sem 2\ict312\firstfinalsubmission\ict312finalprojectandmilestoneone\final milestone\demos\ai\ise\ise-demo\ise.cpp(915): warning C4482: nonstandard extension used: enum 'Axis' used in qualified name
     1>c:\users\zelyx\documents\software\uni\year 3\sem 2\ict312\firstfinalsubmission\ict312finalprojectandmilestoneone\final milestone\demos\ai\ise\ise-demo\ise.cpp(916): warning C4482: nonstandard extension used: enum 'Axis' used in qualified name
     1>c:\users\zelyx\documents\software\uni\year 3\sem 2\ict312\firstfinalsubmission\ict312finalprojectandmilestoneone\final milestone\demos\ai\ise\ise-demo\ise.cpp(1079): warning C4018: '<' : signed/unsigned mismatch
     1>c:\users\zelyx\documents\software\uni\year 3\sem 2\ict312\firstfinalsubmission\ict312finalprojectandmilestoneone\final milestone\demos\ai\ise\ise-demo\ise.cpp(1094): warning C4018: '<' : signed/unsigned mismatch
     1>c:\users\zelyx\documents\software\uni\year 3\sem 2\ict312\firstfinalsubmission\ict312finalprojectandmilestoneone\final milestone\demos\ai\ise\ise-demo\ise.cpp(1111): warning C4018: '<' : signed/unsigned mismatch
     1>c:\users\zelyx\documents\software\uni\year 3\sem 2\ict312\firstfinalsubmission\ict312finalprojectandmilestoneone\final milestone\demos\ai\ise\ise-demo\ise.cpp(1128): warning C4018: '<' : signed/unsigned mismatch
     1>c:\users\zelyx\documents\software\uni\year 3\sem 2\ict312\firstfinalsubmission\ict312finalprojectandmilestoneone\final milestone\demos\ai\ise\ise-demo\ise.cpp(1144): warning C4018: '<' : signed/unsigned mismatch
     1>c:\users\zelyx\documents\software\uni\year 3\sem 2\ict312\firstfinalsubmission\ict312finalprojectandmilestoneone\final milestone\demos\ai\ise\ise-demo\ise.cpp(1160): warning C4018: '<' : signed/unsigned mismatch
     1>c:\users\zelyx\documents\software\uni\year 3\sem 2\ict312\firstfinalsubmission\ict312finalprojectandmilestoneone\final milestone\demos\ai\ise\ise-demo\ise.cpp(1176): warning C4018: '<' : signed/unsigned mismatch
     1>c:\users\zelyx\documents\software\uni\year 3\sem 2\ict312\firstfinalsubmission\ict312finalprojectandmilestoneone\final milestone\demos\ai\ise\ise-demo\ise.cpp(1190): warning C4018: '<' : signed/unsigned mismatch
     1>c:\users\zelyx\documents\software\uni\year 3\sem 2\ict312\firstfinalsubmission\ict312finalprojectandmilestoneone\final milestone\demos\ai\ise\ise-demo\ise.cpp(1206): warning C4018: '<' : signed/unsigned mismatch
     1>c:\users\zelyx\documents\software\uni\year 3\sem 2\ict312\firstfinalsubmission\ict312finalprojectandmilestoneone\final milestone\demos\ai\ise\ise-demo\ise.cpp(1220): warning C4018: '<' : signed/unsigned mismatch
     1>c:\users\zelyx\documents\software\uni\year 3\sem 2\ict312\firstfinalsubmission\ict312finalprojectandmilestoneone\final milestone\demos\ai\ise\ise-demo\ise.cpp(1236): warning C4018: '<' : signed/unsigned mismatch
     1>c:\users\zelyx\documents\software\uni\year 3\sem 2\ict312\firstfinalsubmission\ict312finalprojectandmilestoneone\final milestone\demos\ai\ise\ise-demo\ise.cpp(1250): warning C4018: '<' : signed/unsigned mismatch
     1>c:\users\zelyx\documents\software\uni\year 3\sem 2\ict312\firstfinalsubmission\ict312finalprojectandmilestoneone\final milestone\demos\ai\ise\ise-demo\ise.cpp(1266): warning C4018: '<' : signed/unsigned mismatch
     1>c:\users\zelyx\documents\software\uni\year 3\sem 2\ict312\firstfinalsubmission\ict312finalprojectandmilestoneone\final milestone\demos\ai\ise\ise-demo\ise.cpp(1280): warning C4018: '<' : signed/unsigned mismatch
     1>c:\users\zelyx\documents\software\uni\year 3\sem 2\ict312\firstfinalsubmission\ict312finalprojectandmilestoneone\final milestone\demos\ai\ise\ise-demo\ise.cpp(1296): warning C4018: '<' : signed/unsigned mismatch
     1>c:\users\zelyx\documents\software\uni\year 3\sem 2\ict312\firstfinalsubmission\ict312finalprojectandmilestoneone\final milestone\demos\ai\ise\ise-demo\ise.cpp(1310): warning C4018: '<' : signed/unsigned mismatch
     1>c:\users\zelyx\documents\software\uni\year 3\sem 2\ict312\firstfinalsubmission\ict312finalprojectandmilestoneone\final milestone\demos\ai\ise\ise-demo\ise.cpp(1326): warning C4018: '<' : signed/unsigned mismatch
     1>c:\users\zelyx\documents\software\uni\year 3\sem 2\ict312\firstfinalsubmission\ict312finalprojectandmilestoneone\final milestone\demos\ai\ise\ise-demo\ise.cpp(1340): warning C4018: '<' : signed/unsigned mismatch
     1>c:\users\zelyx\documents\software\uni\year 3\sem 2\ict312\firstfinalsubmission\ict312finalprojectandmilestoneone\final milestone\demos\ai\ise\ise-demo\ise.cpp(1356): warning C4018: '<' : signed/unsigned mismatch
     1>c:\users\zelyx\documents\software\uni\year 3\sem 2\ict312\firstfinalsubmission\ict312finalprojectandmilestoneone\final milestone\demos\ai\ise\ise-demo\ise.cpp(1370): warning C4018: '<' : signed/unsigned mismatch
     1>c:\users\zelyx\documents\software\uni\year 3\sem 2\ict312\firstfinalsubmission\ict312finalprojectandmilestoneone\final milestone\demos\ai\ise\ise-demo\ise.cpp(1386): warning C4018: '<' : signed/unsigned mismatch
     1>c:\users\zelyx\documents\software\uni\year 3\sem 2\ict312\firstfinalsubmission\ict312finalprojectandmilestoneone\final milestone\demos\ai\ise\ise-demo\ise.cpp(1400): warning C4018: '<' : signed/unsigned mismatch
     1>c:\users\zelyx\documents\software\uni\year 3\sem 2\ict312\firstfinalsubmission\ict312finalprojectandmilestoneone\final milestone\demos\ai\ise\ise-demo\ise.cpp(1416): warning C4018: '<' : signed/unsigned mismatch
     1>c:\users\zelyx\documents\software\uni\year 3\sem 2\ict312\firstfinalsubmission\ict312finalprojectandmilestoneone\final milestone\demos\ai\ise\ise-demo\ise.cpp(1549): warning C4018: '<' : signed/unsigned mismatch
     1>c:\users\zelyx\documents\software\uni\year 3\sem 2\ict312\firstfinalsubmission\ict312finalprojectandmilestoneone\final milestone\demos\ai\ise\ise-demo\ise.cpp(1567): warning C4018: '<' : signed/unsigned mismatch
     1>c:\users\zelyx\documents\software\uni\year 3\sem 2\ict312\firstfinalsubmission\ict312finalprojectandmilestoneone\final milestone\demos\ai\ise\ise-demo\ise.cpp(1586): warning C4018: '<' : signed/unsigned mismatch
     1>c:\users\zelyx\documents\software\uni\year 3\sem 2\ict312\firstfinalsubmission\ict312finalprojectandmilestoneone\final milestone\demos\ai\ise\ise-demo\ise.cpp(1605): warning C4018: '<' : signed/unsigned mismatch
     1>c:\users\zelyx\documents\software\uni\year 3\sem 2\ict312\firstfinalsubmission\ict312finalprojectandmilestoneone\final milestone\demos\ai\ise\ise-demo\ise.cpp(1624): warning C4018: '<' : signed/unsigned mismatch
     1>c:\users\zelyx\documents\software\uni\year 3\sem 2\ict312\firstfinalsubmission\ict312finalprojectandmilestoneone\final milestone\demos\ai\ise\ise-demo\ise.cpp(1642): warning C4018: '<' : signed/unsigned mismatch
     1>c:\users\zelyx\documents\software\uni\year 3\sem 2\ict312\firstfinalsubmission\ict312finalprojectandmilestoneone\final milestone\demos\ai\ise\ise-demo\ise.cpp(1661): warning C4018: '<' : signed/unsigned mismatch
     1>c:\users\zelyx\documents\software\uni\year 3\sem 2\ict312\firstfinalsubmission\ict312finalprojectandmilestoneone\final milestone\demos\ai\ise\ise-demo\ise.cpp(1681): warning C4018: '<' : signed/unsigned mismatch
     1>c:\users\zelyx\documents\software\uni\year 3\sem 2\ict312\firstfinalsubmission\ict312finalprojectandmilestoneone\final milestone\demos\ai\ise\ise-demo\ise.cpp(1700): warning C4018: '<' : signed/unsigned mismatch
     1>c:\users\zelyx\documents\software\uni\year 3\sem 2\ict312\firstfinalsubmission\ict312finalprojectandmilestoneone\final milestone\demos\ai\ise\ise-demo\ise.cpp(1720): warning C4018: '<' : signed/unsigned mismatch
     1>c:\users\zelyx\documents\software\uni\year 3\sem 2\ict312\firstfinalsubmission\ict312finalprojectandmilestoneone\final milestone\demos\ai\ise\ise-demo\ise.cpp(1739): warning C4018: '<' : signed/unsigned mismatch
     1>c:\users\zelyx\documents\software\uni\year 3\sem 2\ict312\firstfinalsubmission\ict312finalprojectandmilestoneone\final milestone\demos\ai\ise\ise-demo\ise.cpp(1760): warning C4018: '<' : signed/unsigned mismatch
     1>c:\users\zelyx\documents\software\uni\year 3\sem 2\ict312\firstfinalsubmission\ict312finalprojectandmilestoneone\final milestone\demos\ai\ise\ise-demo\ise.cpp(1780): warning C4018: '<' : signed/unsigned mismatch
     1>c:\users\zelyx\documents\software\uni\year 3\sem 2\ict312\firstfinalsubmission\ict312finalprojectandmilestoneone\final milestone\demos\ai\ise\ise-demo\ise.cpp(1798): warning C4018: '<' : signed/unsigned mismatch
     1>c:\users\zelyx\documents\software\uni\year 3\sem 2\ict312\firstfinalsubmission\ict312finalprojectandmilestoneone\final milestone\demos\ai\ise\ise-demo\ise.cpp(1823): warning C4018: '<' : signed/unsigned mismatch
     1>c:\users\zelyx\documents\software\uni\year 3\sem 2\ict312\firstfinalsubmission\ict312finalprojectandmilestoneone\final milestone\demos\ai\ise\ise-demo\ise.cpp(1837): warning C4018: '<' : signed/unsigned mismatch
     1>c:\users\zelyx\documents\software\uni\year 3\sem 2\ict312\firstfinalsubmission\ict312finalprojectandmilestoneone\final milestone\demos\ai\ise\ise-demo\ise.cpp(1852): warning C4018: '<' : signed/unsigned mismatch
     1>c:\users\zelyx\documents\software\uni\year 3\sem 2\ict312\firstfinalsubmission\ict312finalprojectandmilestoneone\final milestone\demos\ai\ise\ise-demo\ise.cpp(1866): warning C4018: '<' : signed/unsigned mismatch
     1>c:\users\zelyx\documents\software\uni\year 3\sem 2\ict312\firstfinalsubmission\ict312finalprojectandmilestoneone\final milestone\demos\ai\ise\ise-demo\ise.cpp(1881): warning C4018: '<' : signed/unsigned mismatch
     1>c:\users\zelyx\documents\software\uni\year 3\sem 2\ict312\firstfinalsubmission\ict312finalprojectandmilestoneone\final milestone\demos\ai\ise\ise-demo\ise.cpp(1897): warning C4018: '<' : signed/unsigned mismatch
     1>c:\users\zelyx\documents\software\uni\year 3\sem 2\ict312\firstfinalsubmission\ict312finalprojectandmilestoneone\final milestone\demos\ai\ise\ise-demo\ise.cpp(1912): warning C4018: '<' : signed/unsigned mismatch
     1>c:\users\zelyx\documents\software\uni\year 3\sem 2\ict312\firstfinalsubmission\ict312finalprojectandmilestoneone\final milestone\demos\ai\ise\ise-demo\ise.cpp(1927): warning C4018: '<' : signed/unsigned mismatch
     1>c:\users\zelyx\documents\software\uni\year 3\sem 2\ict312\firstfinalsubmission\ict312finalprojectandmilestoneone\final milestone\demos\ai\ise\ise-demo\ise.cpp(1942): warning C4018: '<' : signed/unsigned mismatch
     1>c:\users\zelyx\documents\software\uni\year 3\sem 2\ict312\firstfinalsubmission\ict312finalprojectandmilestoneone\final milestone\demos\ai\ise\ise-demo\ise.cpp(1956): warning C4018: '<' : signed/unsigned mismatch
     1>c:\users\zelyx\documents\software\uni\year 3\sem 2\ict312\firstfinalsubmission\ict312finalprojectandmilestoneone\final milestone\demos\ai\ise\ise-demo\ise.cpp(1970): warning C4018: '<' : signed/unsigned mismatch
     1>c:\users\zelyx\documents\software\uni\year 3\sem 2\ict312\firstfinalsubmission\ict312finalprojectandmilestoneone\final milestone\demos\ai\ise\ise-demo\ise.cpp(1983): warning C4018: '<' : signed/unsigned mismatch
     1>c:\users\zelyx\documents\software\uni\year 3\sem 2\ict312\firstfinalsubmission\ict312finalprojectandmilestoneone\final milestone\demos\ai\ise\ise-demo\ise.cpp(1997): warning C4018: '<' : signed/unsigned mismatch
     1>c:\users\zelyx\documents\software\uni\year 3\sem 2\ict312\firstfinalsubmission\ict312finalprojectandmilestoneone\final milestone\demos\ai\ise\ise-demo\ise.cpp(2010): warning C4018: '<' : signed/unsigned mismatch
     1>c:\users\zelyx\documents\software\uni\year 3\sem 2\ict312\firstfinalsubmission\ict312finalprojectandmilestoneone\final milestone\demos\ai\ise\ise-demo\ise.cpp(2024): warning C4018: '<' : signed/unsigned mismatch
     1>c:\users\zelyx\documents\software\uni\year 3\sem 2\ict312\firstfinalsubmission\ict312finalprojectandmilestoneone\final milestone\demos\ai\ise\ise-demo\ise.cpp(2039): warning C4018: '<' : signed/unsigned mismatch
         Input.cpp
         GameObject2.cpp
     1>c:\users\zelyx\documents\software\uni\year 3\sem 2\ict312\firstfinalsubmission\ict312finalprojectandmilestoneone\final milestone\demos\ai\ise\ise-demo\gameobject2.cpp(63): warning C4482: nonstandard extension used: enum 'Axis' used in qualified name
     1>c:\users\zelyx\documents\software\uni\year 3\sem 2\ict312\firstfinalsubmission\ict312finalprojectandmilestoneone\final milestone\demos\ai\ise\ise-demo\gameobject2.cpp(68): warning C4482: nonstandard extension used: enum 'Axis' used in qualified name
     1>c:\users\zelyx\documents\software\uni\year 3\sem 2\ict312\firstfinalsubmission\ict312finalprojectandmilestoneone\final milestone\demos\ai\ise\ise-demo\gameobject2.cpp(73): warning C4482: nonstandard extension used: enum 'Axis' used in qualified name
         EmotionCase.cpp
         Component.cpp
         Clock.cpp
         Camera.cpp
     1>c:\users\zelyx\documents\software\uni\year 3\sem 2\ict312\firstfinalsubmission\ict312finalprojectandmilestoneone\final milestone\demos\ai\ise\ise-demo\camera.cpp(32): warning C4305: '=' : truncation from 'double' to 'float'
     1>c:\users\zelyx\documents\software\uni\year 3\sem 2\ict312\firstfinalsubmission\ict312finalprojectandmilestoneone\final milestone\demos\ai\ise\ise-demo\camera.cpp(219): warning C4244: '-=' : conversion from 'double' to 'float', possible loss of data
     1>c:\users\zelyx\documents\software\uni\year 3\sem 2\ict312\firstfinalsubmission\ict312finalprojectandmilestoneone\final milestone\demos\ai\ise\ise-demo\camera.cpp(254): warning C4244: '+=' : conversion from 'double' to 'float', possible loss of data
     1>c:\users\zelyx\documents\software\uni\year 3\sem 2\ict312\firstfinalsubmission\ict312finalprojectandmilestoneone\final milestone\demos\ai\ise\ise-demo\camera.cpp(417): warning C4244: 'argument' : conversion from 'float' to 'int', possible loss of data
     1>c:\users\zelyx\documents\software\uni\year 3\sem 2\ict312\firstfinalsubmission\ict312finalprojectandmilestoneone\final milestone\demos\ai\ise\ise-demo\camera.cpp(417): warning C4244: 'argument' : conversion from 'float' to 'int', possible loss of data
     1>c:\users\zelyx\documents\software\uni\year 3\sem 2\ict312\firstfinalsubmission\ict312finalprojectandmilestoneone\final milestone\demos\ai\ise\ise-demo\camera.cpp(417): warning C4244: 'argument' : conversion from 'float' to 'int', possible loss of data
     1>c:\users\zelyx\documents\software\uni\year 3\sem 2\ict312\firstfinalsubmission\ict312finalprojectandmilestoneone\final milestone\demos\ai\ise\ise-demo\camera.cpp(417): warning C4244: 'argument' : conversion from 'float' to 'int', possible loss of data
         as_node.cpp
         aStar.cpp
     1>c:\users\zelyx\documents\software\uni\year 3\sem 2\ict312\firstfinalsubmission\ict312finalprojectandmilestoneone\final milestone\demos\ai\ise\ise-demo\astar.cpp(63): warning C4018: '<' : signed/unsigned mismatch
     1>c:\users\zelyx\documents\software\uni\year 3\sem 2\ict312\firstfinalsubmission\ict312finalprojectandmilestoneone\final milestone\demos\ai\ise\ise-demo\astar.cpp(149): warning C4244: 'initializing' : conversion from 'float' to 'int', possible loss of data
     1>c:\users\zelyx\documents\software\uni\year 3\sem 2\ict312\firstfinalsubmission\ict312finalprojectandmilestoneone\final milestone\demos\ai\ise\ise-demo\astar.cpp(150): warning C4244: 'initializing' : conversion from 'float' to 'int', possible loss of data
     1>c:\users\zelyx\documents\software\uni\year 3\sem 2\ict312\firstfinalsubmission\ict312finalprojectandmilestoneone\final milestone\demos\ai\ise\ise-demo\astar.cpp(157): warning C4244: 'initializing' : conversion from 'float' to 'int', possible loss of data
     1>c:\users\zelyx\documents\software\uni\year 3\sem 2\ict312\firstfinalsubmission\ict312finalprojectandmilestoneone\final milestone\demos\ai\ise\ise-demo\astar.cpp(158): warning C4244: 'initializing' : conversion from 'float' to 'int', possible loss of data
         AssetMng.cpp
     1>c:\users\zelyx\documents\software\uni\year 3\sem 2\ict312\firstfinalsubmission\ict312finalprojectandmilestoneone\final milestone\demos\ai\ise\ise-demo\assetmng.cpp(125): warning C4172: returning address of local variable or temporary
         AI.cpp
     1>c:\users\zelyx\documents\software\uni\year 3\sem 2\ict312\firstfinalsubmission\ict312finalprojectandmilestoneone\final milestone\demos\ai\ise\ise-demo\ai.cpp(165): warning C4018: '<' : signed/unsigned mismatch
         AffordanceSystem.cpp
         Affordance.cpp
         Generating Code...
     1>c:\users\zelyx\documents\software\uni\year 3\sem 2\ict312\firstfinalsubmission\ict312finalprojectandmilestoneone\final milestone\demos\ai\ise\ise-demo\ise.cpp(127): warning C4715: 'ISE::GOgetGameModelLocation' : not all control paths return a value
     1>c:\users\zelyx\documents\software\uni\year 3\sem 2\ict312\firstfinalsubmission\ict312finalprojectandmilestoneone\final milestone\demos\ai\ise\ise-demo\ise.cpp(148): warning C4715: 'ISE::GOgetGameModelTexture' : not all control paths return a value
     1>c:\users\zelyx\documents\software\uni\year 3\sem 2\ict312\firstfinalsubmission\ict312finalprojectandmilestoneone\final milestone\demos\ai\ise\ise-demo\ise.cpp(179): warning C4715: 'ISE::GOgetGameModelX' : not all control paths return a value
     1>c:\users\zelyx\documents\software\uni\year 3\sem 2\ict312\firstfinalsubmission\ict312finalprojectandmilestoneone\final milestone\demos\ai\ise\ise-demo\ise.cpp(195): warning C4715: 'ISE::GOgetGameModelY' : not all control paths return a value
     1>c:\users\zelyx\documents\software\uni\year 3\sem 2\ict312\firstfinalsubmission\ict312finalprojectandmilestoneone\final milestone\demos\ai\ise\ise-demo\ise.cpp(211): warning C4715: 'ISE::GOgetGameModelZ' : not all control paths return a value
     1>c:\users\zelyx\documents\software\uni\year 3\sem 2\ict312\firstfinalsubmission\ict312finalprojectandmilestoneone\final milestone\demos\ai\ise\ise-demo\ise.cpp(1184): warning C4715: 'ISE::AIgetPersonalityName' : not all control paths return a value
     1>c:\users\zelyx\documents\software\uni\year 3\sem 2\ict312\firstfinalsubmission\ict312finalprojectandmilestoneone\final milestone\demos\ai\ise\ise-demo\ise.cpp(1214): warning C4715: 'ISE::AIgetPersonalityAmount' : not all control paths return a value
     1>c:\users\zelyx\documents\software\uni\year 3\sem 2\ict312\firstfinalsubmission\ict312finalprojectandmilestoneone\final milestone\demos\ai\ise\ise-demo\ise.cpp(1244): warning C4715: 'ISE::AIgetPersonalityPositiveModifier' : not all control paths return a value
     1>c:\users\zelyx\documents\software\uni\year 3\sem 2\ict312\firstfinalsubmission\ict312finalprojectandmilestoneone\final milestone\demos\ai\ise\ise-demo\ise.cpp(1274): warning C4715: 'ISE::AIgetPersonalityNegativeModifier' : not all control paths return a value
     1>c:\users\zelyx\documents\software\uni\year 3\sem 2\ict312\firstfinalsubmission\ict312finalprojectandmilestoneone\final milestone\demos\ai\ise\ise-demo\ise.cpp(1304): warning C4715: 'ISE::AIgetPersonalityInterval' : not all control paths return a value
     1>c:\users\zelyx\documents\software\uni\year 3\sem 2\ict312\firstfinalsubmission\ict312finalprojectandmilestoneone\final milestone\demos\ai\ise\ise-demo\ise.cpp(1334): warning C4715: 'ISE::AIgetPersonalityIncrement' : not all control paths return a value
     1>c:\users\zelyx\documents\software\uni\year 3\sem 2\ict312\firstfinalsubmission\ict312finalprojectandmilestoneone\final milestone\demos\ai\ise\ise-demo\ise.cpp(1364): warning C4715: 'ISE::AIgetPersonalityEffectQueue' : not all control paths return a value
     1>c:\users\zelyx\documents\software\uni\year 3\sem 2\ict312\firstfinalsubmission\ict312finalprojectandmilestoneone\final milestone\demos\ai\ise\ise-demo\ise.cpp(1394): warning C4715: 'ISE::AIgetPersonalityAccumulatedTime' : not all control paths return a value
     1>c:\users\zelyx\documents\software\uni\year 3\sem 2\ict312\firstfinalsubmission\ict312finalprojectandmilestoneone\final milestone\demos\ai\ise\ise-demo\ise.cpp(1598): warning C4715: 'ISE::AFgetAffordanceName' : not all control paths return a value
     1>c:\users\zelyx\documents\software\uni\year 3\sem 2\ict312\firstfinalsubmission\ict312finalprojectandmilestoneone\final milestone\demos\ai\ise\ise-demo\ise.cpp(1635): warning C4715: 'ISE::AFgetAffordanceIndex' : not all control paths return a value
     1>c:\users\zelyx\documents\software\uni\year 3\sem 2\ict312\firstfinalsubmission\ict312finalprojectandmilestoneone\final milestone\demos\ai\ise\ise-demo\ise.cpp(1654): warning C4715: 'ISE::AFgetAffordanceMinValue' : not all control paths return a value
     1>c:\users\zelyx\documents\software\uni\year 3\sem 2\ict312\firstfinalsubmission\ict312finalprojectandmilestoneone\final milestone\demos\ai\ise\ise-demo\ise.cpp(1693): warning C4715: 'ISE::AFgetAffordanceMaxValue' : not all control paths return a value
     1>c:\users\zelyx\documents\software\uni\year 3\sem 2\ict312\firstfinalsubmission\ict312finalprojectandmilestoneone\final milestone\demos\ai\ise\ise-demo\ise.cpp(1732): warning C4715: 'ISE::AFgetAffordanceValue' : not all control paths return a value
     1>c:\users\zelyx\documents\software\uni\year 3\sem 2\ict312\firstfinalsubmission\ict312finalprojectandmilestoneone\final milestone\demos\ai\ise\ise-demo\ise.cpp(1772): warning C4715: 'ISE::AFhasWithinInclusive' : not all control paths return a value
     1>c:\users\zelyx\documents\software\uni\year 3\sem 2\ict312\firstfinalsubmission\ict312finalprojectandmilestoneone\final milestone\demos\ai\ise\ise-demo\ise.cpp(1792): warning C4715: 'ISE::AFhasWithinExclusive' : not all control paths return a value
     1>c:\users\zelyx\documents\software\uni\year 3\sem 2\ict312\firstfinalsubmission\ict312finalprojectandmilestoneone\final milestone\demos\ai\ise\ise-demo\ise.cpp(1860): warning C4715: 'ISE::ASgetSize' : not all control paths return a value
     1>c:\users\zelyx\documents\software\uni\year 3\sem 2\ict312\firstfinalsubmission\ict312finalprojectandmilestoneone\final milestone\demos\ai\ise\ise-demo\ise.cpp(1920): warning C4715: 'ISE::ASgetGap' : not all control paths return a value
     1>c:\users\zelyx\documents\software\uni\year 3\sem 2\ict312\firstfinalsubmission\ict312finalprojectandmilestoneone\final milestone\demos\ai\ise\ise-demo\ise.cpp(1950): warning C4715: 'ISE::ASgetNodeNum' : not all control paths return a value
     1>c:\users\zelyx\documents\software\uni\year 3\sem 2\ict312\firstfinalsubmission\ict312finalprojectandmilestoneone\final milestone\demos\ai\ise\ise-demo\ise.cpp(1978): warning C4715: 'ISE::ASgetDesX' : not all control paths return a value
     1>c:\users\zelyx\documents\software\uni\year 3\sem 2\ict312\firstfinalsubmission\ict312finalprojectandmilestoneone\final milestone\demos\ai\ise\ise-demo\ise.cpp(1991): warning C4715: 'ISE::ASgetDesY' : not all control paths return a value
     1>c:\users\zelyx\documents\software\uni\year 3\sem 2\ict312\firstfinalsubmission\ict312finalprojectandmilestoneone\final milestone\demos\ai\ise\ise-demo\ise.cpp(2005): warning C4715: 'ISE::ASnextNodeHit' : not all control paths return a value
     1>c:\users\zelyx\documents\software\uni\year 3\sem 2\ict312\firstfinalsubmission\ict312finalprojectandmilestoneone\final milestone\demos\ai\ise\ise-demo\ise.cpp(2018): warning C4715: 'ISE::ASgoalNodeHit' : not all control paths return a value
     1>c:\users\zelyx\documents\software\uni\year 3\sem 2\ict312\firstfinalsubmission\ict312finalprojectandmilestoneone\final milestone\demos\ai\ise\ise-demo\navmesh.cpp(365): warning C4715: 'NavMesh::findMoveCost' : not all control paths return a value
       ManifestResourceCompile:
         C:\Program Files (x86)\Microsoft SDKs\Windows\v7.0A\bin\rc.exe /nologo /fo"Debug\ISE-Demo.exe.embed.manifest.res" Debug\ISE-Demo_manifest.rc 
       Link:
         C:\Program Files (x86)\Microsoft Visual Studio 10.0\VC\bin\link.exe /ERRORREPORT:PROMPT /OUT:"C:\Users\Zelyx\Documents\Software\Uni\Year 3\Sem 2\ICT312\FirstFinalSubmission\ICT312FinalProjectAndMilestoneOne\Final Milestone\Demos\AI\ISE\Debug\ISE-Demo.exe" /INCREMENTAL /NOLOGO /LIBPATH:"C:\Users\Zelyx\Documents\Software\Uni\Year 3\Sem 2\ICT312\FirstFinalSubmission\ICT312FinalProjectAndMilestoneOne\Final Milestone\Demos\AI\ISE\\ThirdParty\assimp\lib\assimp_debug-dll_win32" /LIBPATH:"C:\Users\Zelyx\Documents\Software\Uni\Year 3\Sem 2\ICT312\FirstFinalSubmission\ICT312FinalProjectAndMilestoneOne\Final Milestone\Demos\AI\ISE\\ThirdParty\SFML-2.1\lib" /LIBPATH:"C:\Users\Zelyx\Documents\Software\Uni\Year 3\Sem 2\ICT312\FirstFinalSubmission\ICT312FinalProjectAndMilestoneOne\Final Milestone\Demos\AI\ISE\\ThirdParty\lua5.1\lib" "sfml-graphics-d.lib" "sfml-window-d.lib" "sfml-system-d.lib" "sfml-audio-d.lib" opengl32.lib glu32.lib assimp.lib lua5.1.lib lua51.lib luabindd.lib kernel32.lib user32.lib gdi32.lib winspool.lib comdlg32.lib advapi32.lib shell32.lib ole32.lib oleaut32.lib uuid.lib odbc32.lib odbccp32.lib /MANIFEST /ManifestFile:"Debug\ISE-Demo.exe.intermediate.manifest" /MANIFESTUAC:"level='asInvoker' uiAccess='false'" /DEBUG /PDB:"C:\Users\Zelyx\Documents\Software\Uni\Year 3\Sem 2\ICT312\FirstFinalSubmission\ICT312FinalProjectAndMilestoneOne\Final Milestone\Demos\AI\ISE\Debug\ISE-Demo.pdb" /SUBSYSTEM:CONSOLE /TLBID:1 /DYNAMICBASE /NXCOMPAT /IMPLIB:"C:\Users\Zelyx\Documents\Software\Uni\Year 3\Sem 2\ICT312\FirstFinalSubmission\ICT312FinalProjectAndMilestoneOne\Final Milestone\Demos\AI\ISE\Debug\ISE-Demo.lib" /MACHINE:X86 "Debug\ISE-Demo.exe.embed.manifest.res"
         Debug\Affordance.obj
         Debug\AffordanceSystem.obj
         Debug\AI.obj
         Debug\AssetMng.obj
         Debug\aStar.obj
         Debug\as_node.obj
         Debug\Camera.obj
         Debug\Clock.obj
         Debug\Component.obj
         Debug\EmotionCase.obj
         Debug\GameObject2.obj
         Debug\Input.obj
         Debug\ISE.obj
         Debug\Loaderab.obj
         Debug\Main.obj
         Debug\Model.obj
         Debug\NavMesh.obj
         Debug\objLoader.obj
         Debug\OPENGL_Facade.obj
         Debug\Personality.obj
         Debug\Render.obj
         Debug\RenderEngine.obj
         Debug\SFML_Clock.obj
         Debug\SFML_Facade.obj
         Debug\SFML_Input.obj
         Debug\SFML_Sound.obj
         Debug\SFML_Texture.obj
         Debug\Skybox.obj
         Debug\Sound.obj
         Debug\SoundEngine.obj
         Debug\Texture.obj
         Debug\TrueAffordance.obj
         Debug\TrueGameObject.obj
         Debug\TrueModel.obj
         Debug\Vector2Int.obj
         Debug\Vector3.obj
         Debug\Window.obj
       Manifest:
         Deleting file "Debug\ISE-Demo.exe.embed.manifest".
         C:\Program Files (x86)\Microsoft SDKs\Windows\v7.0A\bin\mt.exe /nologo /verbose /out:"Debug\ISE-Demo.exe.embed.manifest" /manifest "Debug\ISE-Demo.exe.intermediate.manifest"
         C:\Program Files (x86)\Microsoft SDKs\Windows\v7.0A\bin\rc.exe /nologo /fo"Debug\ISE-Demo.exe.embed.manifest.res" Debug\ISE-Demo_manifest.rc 
       LinkEmbedManifest:
         C:\Program Files (x86)\Microsoft Visual Studio 10.0\VC\bin\link.exe /ERRORREPORT:PROMPT /OUT:"C:\Users\Zelyx\Documents\Software\Uni\Year 3\Sem 2\ICT312\FirstFinalSubmission\ICT312FinalProjectAndMilestoneOne\Final Milestone\Demos\AI\ISE\Debug\ISE-Demo.exe" /INCREMENTAL /NOLOGO /LIBPATH:"C:\Users\Zelyx\Documents\Software\Uni\Year 3\Sem 2\ICT312\FirstFinalSubmission\ICT312FinalProjectAndMilestoneOne\Final Milestone\Demos\AI\ISE\\ThirdParty\assimp\lib\assimp_debug-dll_win32" /LIBPATH:"C:\Users\Zelyx\Documents\Software\Uni\Year 3\Sem 2\ICT312\FirstFinalSubmission\ICT312FinalProjectAndMilestoneOne\Final Milestone\Demos\AI\ISE\\ThirdParty\SFML-2.1\lib" /LIBPATH:"C:\Users\Zelyx\Documents\Software\Uni\Year 3\Sem 2\ICT312\FirstFinalSubmission\ICT312FinalProjectAndMilestoneOne\Final Milestone\Demos\AI\ISE\\ThirdParty\lua5.1\lib" "sfml-graphics-d.lib" "sfml-window-d.lib" "sfml-system-d.lib" "sfml-audio-d.lib" opengl32.lib glu32.lib assimp.lib lua5.1.lib lua51.lib luabindd.lib kernel32.lib user32.lib gdi32.lib winspool.lib comdlg32.lib advapi32.lib shell32.lib ole32.lib oleaut32.lib uuid.lib odbc32.lib odbccp32.lib /MANIFEST /ManifestFile:"Debug\ISE-Demo.exe.intermediate.manifest" /MANIFESTUAC:"level='asInvoker' uiAccess='false'" /DEBUG /PDB:"C:\Users\Zelyx\Documents\Software\Uni\Year 3\Sem 2\ICT312\FirstFinalSubmission\ICT312FinalProjectAndMilestoneOne\Final Milestone\Demos\AI\ISE\Debug\ISE-Demo.pdb" /SUBSYSTEM:CONSOLE /TLBID:1 /DYNAMICBASE /NXCOMPAT /IMPLIB:"C:\Users\Zelyx\Documents\Software\Uni\Year 3\Sem 2\ICT312\FirstFinalSubmission\ICT312FinalProjectAndMilestoneOne\Final Milestone\Demos\AI\ISE\Debug\ISE-Demo.lib" /MACHINE:X86 "Debug\ISE-Demo.exe.embed.manifest.res"
         Debug\Affordance.obj
         Debug\AffordanceSystem.obj
         Debug\AI.obj
         Debug\AssetMng.obj
         Debug\aStar.obj
         Debug\as_node.obj
         Debug\Camera.obj
         Debug\Clock.obj
         Debug\Component.obj
         Debug\EmotionCase.obj
         Debug\GameObject2.obj
         Debug\Input.obj
         Debug\ISE.obj
         Debug\Loaderab.obj
         Debug\Main.obj
         Debug\Model.obj
         Debug\NavMesh.obj
         Debug\objLoader.obj
         Debug\OPENGL_Facade.obj
         Debug\Personality.obj
         Debug\Render.obj
         Debug\RenderEngine.obj
         Debug\SFML_Clock.obj
         Debug\SFML_Facade.obj
         Debug\SFML_Input.obj
         Debug\SFML_Sound.obj
         Debug\SFML_Texture.obj
         Debug\Skybox.obj
         Debug\Sound.obj
         Debug\SoundEngine.obj
         Debug\Texture.obj
         Debug\TrueAffordance.obj
         Debug\TrueGameObject.obj
         Debug\TrueModel.obj
         Debug\Vector2Int.obj
         Debug\Vector3.obj
         Debug\Window.obj
         ISE-Demo.vcxproj -> C:\Users\Zelyx\Documents\Software\Uni\Year 3\Sem 2\ICT312\FirstFinalSubmission\ICT312FinalProjectAndMilestoneOne\Final Milestone\Demos\AI\ISE\Debug\ISE-Demo.exe
       FinalizeBuildStatus:
         Deleting file "Debug\ISE-Demo.unsuccessfulbuild".
         Touching "Debug\ISE-Demo.lastbuildstate".
     1>Done Building Project "C:\Users\Zelyx\Documents\Software\Uni\Year 3\Sem 2\ICT312\FirstFinalSubmission\ICT312FinalProjectAndMilestoneOne\Final Milestone\Demos\AI\ISE\ISE-Demo\ISE-Demo.vcxproj" (build target(s)).

Build succeeded.

Time Elapsed 00:00:28.26
