C:\USERS\SEIJ\UNI\ICT311\ABCDEFGHIJKLMNOPQRSTUVWXYZ\CODE\ISE\ISE-DEMO\ISE-DEMO\RELEASE\ASSETMNG.OBJ
C:\USERS\SEIJ\UNI\ICT311\ABCDEFGHIJKLMNOPQRSTUVWXYZ\CODE\ISE\ISE-DEMO\ISE-DEMO\RELEASE\CAMERA.OBJ
C:\Users\Seij\Uni\ICT311\ABCDEFGHIJKLMNOPQRSTUVWXYZ\Code\ISE\ISE-Demo\ISE-Demo\Release\cl.command.1.tlog
C:\Users\Seij\Uni\ICT311\ABCDEFGHIJKLMNOPQRSTUVWXYZ\Code\ISE\ISE-Demo\ISE-Demo\Release\CL.read.1.tlog
C:\Users\Seij\Uni\ICT311\ABCDEFGHIJKLMNOPQRSTUVWXYZ\Code\ISE\ISE-Demo\ISE-Demo\Release\CL.write.1.tlog
C:\USERS\SEIJ\UNI\ICT311\ABCDEFGHIJKLMNOPQRSTUVWXYZ\CODE\ISE\ISE-DEMO\ISE-DEMO\RELEASE\CLOCK.OBJ
C:\USERS\SEIJ\UNI\ICT311\ABCDEFGHIJKLMNOPQRSTUVWXYZ\CODE\ISE\ISE-DEMO\ISE-DEMO\RELEASE\EFFECT.OBJ
C:\USERS\SEIJ\UNI\ICT311\ABCDEFGHIJKLMNOPQRSTUVWXYZ\CODE\ISE\ISE-DEMO\ISE-DEMO\RELEASE\GAMEOBJECT.OBJ
C:\USERS\SEIJ\UNI\ICT311\ABCDEFGHIJKLMNOPQRSTUVWXYZ\CODE\ISE\ISE-DEMO\ISE-DEMO\RELEASE\GAMEOBJECTFACTORY.OBJ
C:\USERS\SEIJ\UNI\ICT311\ABCDEFGHIJKLMNOPQRSTUVWXYZ\CODE\ISE\ISE-DEMO\ISE-DEMO\RELEASE\GAMESCRIPT.OBJ
C:\USERS\SEIJ\UNI\ICT311\ABCDEFGHIJKLMNOPQRSTUVWXYZ\CODE\ISE\ISE-DEMO\ISE-DEMO\RELEASE\HUD.OBJ
C:\USERS\SEIJ\UNI\ICT311\ABCDEFGHIJKLMNOPQRSTUVWXYZ\CODE\ISE\ISE-DEMO\ISE-DEMO\RELEASE\INPUT.OBJ
C:\USERS\SEIJ\UNI\ICT311\ABCDEFGHIJKLMNOPQRSTUVWXYZ\CODE\ISE\ISE-DEMO\ISE-DEMO\RELEASE\ISE.OBJ
C:\USERS\SEIJ\UNI\ICT311\ABCDEFGHIJKLMNOPQRSTUVWXYZ\CODE\ISE\ISE-DEMO\ISE-DEMO\RELEASE\ISE-DEMO.EXE.INTERMEDIATE.MANIFEST
C:\Users\Seij\Uni\ICT311\ABCDEFGHIJKLMNOPQRSTUVWXYZ\Code\ISE\ISE-Demo\ISE-Demo\Release\ISE-Demo.write.1.tlog
C:\Users\Seij\Uni\ICT311\ABCDEFGHIJKLMNOPQRSTUVWXYZ\Code\ISE\ISE-Demo\ISE-Demo\Release\link.command.1.tlog
C:\Users\Seij\Uni\ICT311\ABCDEFGHIJKLMNOPQRSTUVWXYZ\Code\ISE\ISE-Demo\ISE-Demo\Release\link.read.1.tlog
C:\Users\Seij\Uni\ICT311\ABCDEFGHIJKLMNOPQRSTUVWXYZ\Code\ISE\ISE-Demo\ISE-Demo\Release\link.write.1.tlog
C:\USERS\SEIJ\UNI\ICT311\ABCDEFGHIJKLMNOPQRSTUVWXYZ\CODE\ISE\ISE-DEMO\ISE-DEMO\RELEASE\LOADERAB.OBJ
C:\USERS\SEIJ\UNI\ICT311\ABCDEFGHIJKLMNOPQRSTUVWXYZ\CODE\ISE\ISE-DEMO\ISE-DEMO\RELEASE\MAIN.OBJ
C:\Users\Seij\Uni\ICT311\ABCDEFGHIJKLMNOPQRSTUVWXYZ\Code\ISE\ISE-Demo\ISE-Demo\Release\mt.command.1.tlog
C:\Users\Seij\Uni\ICT311\ABCDEFGHIJKLMNOPQRSTUVWXYZ\Code\ISE\ISE-Demo\ISE-Demo\Release\mt.read.1.tlog
C:\Users\Seij\Uni\ICT311\ABCDEFGHIJKLMNOPQRSTUVWXYZ\Code\ISE\ISE-Demo\ISE-Demo\Release\mt.write.1.tlog
C:\USERS\SEIJ\UNI\ICT311\ABCDEFGHIJKLMNOPQRSTUVWXYZ\CODE\ISE\ISE-DEMO\ISE-DEMO\RELEASE\OBJECT2D.OBJ
C:\USERS\SEIJ\UNI\ICT311\ABCDEFGHIJKLMNOPQRSTUVWXYZ\CODE\ISE\ISE-DEMO\ISE-DEMO\RELEASE\OBJECT3D.OBJ
C:\USERS\SEIJ\UNI\ICT311\ABCDEFGHIJKLMNOPQRSTUVWXYZ\CODE\ISE\ISE-DEMO\ISE-DEMO\RELEASE\OBJLOADER.OBJ
C:\USERS\SEIJ\UNI\ICT311\ABCDEFGHIJKLMNOPQRSTUVWXYZ\CODE\ISE\ISE-DEMO\ISE-DEMO\RELEASE\OPENGL_FACADE.OBJ
C:\USERS\SEIJ\UNI\ICT311\ABCDEFGHIJKLMNOPQRSTUVWXYZ\CODE\ISE\ISE-DEMO\ISE-DEMO\RELEASE\RENDER.OBJ
C:\USERS\SEIJ\UNI\ICT311\ABCDEFGHIJKLMNOPQRSTUVWXYZ\CODE\ISE\ISE-DEMO\ISE-DEMO\RELEASE\RENDERENGINE.OBJ
C:\USERS\SEIJ\UNI\ICT311\ABCDEFGHIJKLMNOPQRSTUVWXYZ\CODE\ISE\ISE-DEMO\ISE-DEMO\RELEASE\SFML_CLOCK.OBJ
C:\USERS\SEIJ\UNI\ICT311\ABCDEFGHIJKLMNOPQRSTUVWXYZ\CODE\ISE\ISE-DEMO\ISE-DEMO\RELEASE\SFML_FACADE.OBJ
C:\USERS\SEIJ\UNI\ICT311\ABCDEFGHIJKLMNOPQRSTUVWXYZ\CODE\ISE\ISE-DEMO\ISE-DEMO\RELEASE\SFML_INPUT.OBJ
C:\USERS\SEIJ\UNI\ICT311\ABCDEFGHIJKLMNOPQRSTUVWXYZ\CODE\ISE\ISE-DEMO\ISE-DEMO\RELEASE\SFML_TEXTURE.OBJ
C:\USERS\SEIJ\UNI\ICT311\ABCDEFGHIJKLMNOPQRSTUVWXYZ\CODE\ISE\ISE-DEMO\ISE-DEMO\RELEASE\TEXTURE.OBJ
C:\USERS\SEIJ\UNI\ICT311\ABCDEFGHIJKLMNOPQRSTUVWXYZ\CODE\ISE\ISE-DEMO\ISE-DEMO\RELEASE\VC100.PDB
C:\USERS\SEIJ\UNI\ICT311\ABCDEFGHIJKLMNOPQRSTUVWXYZ\CODE\ISE\ISE-DEMO\ISE-DEMO\RELEASE\WINDOW.OBJ
C:\USERS\SEIJ\UNI\ICT311\ABCDEFGHIJKLMNOPQRSTUVWXYZ\CODE\ISE\ISE-DEMO\RELEASE\ISE-DEMO.EXE
C:\USERS\SEIJ\UNI\ICT311\ABCDEFGHIJKLMNOPQRSTUVWXYZ\CODE\ISE\ISE-DEMO\RELEASE\ISE-DEMO.PDB
